Sat Dec 12 13:33:21 EST 2020: Peer 1005 makes a TCP Connection to Peer 1001.
Sat Dec 12 13:33:21 EST 2020: Building HANDSHAKE from 1005 to 1001.
Sat Dec 12 13:33:21 EST 2020: Exchanging BITFIELD message from 1005 to 1001.
Sat Dec 12 13:33:21 EST 2020: Peer 1005 makes a TCP Connection to Peer 1004.
Sat Dec 12 13:33:21 EST 2020: Building HANDSHAKE from 1005 to 1004.
Sat Dec 12 13:33:21 EST 2020: Exchanging BITFIELD message from 1005 to 1004.
Sat Dec 12 13:33:21 EST 2020: Peer 1005 makes a TCP Connection to Peer 1003.
Sat Dec 12 13:33:21 EST 2020: Building HANDSHAKE from 1005 to 1003.
Sat Dec 12 13:33:21 EST 2020: Exchanging BITFIELD message from 1005 to 1003.
Sat Dec 12 13:33:21 EST 2020: Peer 1005 makes a TCP Connection to Peer 1002.
Sat Dec 12 13:33:21 EST 2020: Building HANDSHAKE from 1005 to 1002.
Sat Dec 12 13:33:21 EST 2020: Exchanging BITFIELD message from 1005 to 1002.
Sat Dec 12 13:33:21 EST 2020: Peer 1005 is unchoked by 1001.
Sat Dec 12 13:33:21 EST 2020: Peer 1005 is unchoked by 1003.
Sat Dec 12 13:33:21 EST 2020: Peer 1005 is unchoked by 1004.
Sat Dec 12 13:33:21 EST 2020: Peer 1005 is unchoked by 1002.
Sat Dec 12 13:33:21 EST 2020: Peer 1005 is choked by 1001.
Sat Dec 12 13:33:21 EST 2020: Peer 1005 has downloaded the 'PIECE' 3 from 1001.Now the number of pieces it has is 1
Sat Dec 12 13:33:21 EST 2020: Peer 1005 has downloaded the 'PIECE' 58 from 1003.Now the number of pieces it has is 2
Sat Dec 12 13:33:21 EST 2020: Peer 1005 has downloaded the 'PIECE' 15 from 1004.Now the number of pieces it has is 3
Sat Dec 12 13:33:21 EST 2020: Peer 1005 has downloaded the 'PIECE' 19 from 1002.Now the number of pieces it has is 4
Sat Dec 12 13:33:21 EST 2020: Peer 1005 received the 'not interested' message from 1002.
Sat Dec 12 13:33:21 EST 2020: Peer 1005 received the 'not interested' message from 1003.
Sat Dec 12 13:33:21 EST 2020: Peer 1005 received the 'not interested' message from 1001.
Sat Dec 12 13:33:21 EST 2020: Peer 1005 has downloaded the 'PIECE' 49 from 1001.Now the number of pieces it has is 5
Sat Dec 12 13:33:21 EST 2020: Peer 1005 received the 'not interested' message from 1002.
Sat Dec 12 13:33:21 EST 2020: Peer 1005 received the 'not interested' message from 1004.
Sat Dec 12 13:33:21 EST 2020: Peer 1005 received the 'not interested' message from 1003.
Sat Dec 12 13:33:21 EST 2020: Peer 1005 received the 'not interested' message from 1001.
Sat Dec 12 13:33:21 EST 2020: Peer 1005 received the 'not interested' message from 1004.
Sat Dec 12 13:33:21 EST 2020: Peer 1005 has downloaded the 'PIECE' 55 from 1003.Now the number of pieces it has is 6
Sat Dec 12 13:33:22 EST 2020: Peer 1005 received the 'not interested' message from 1002.
Sat Dec 12 13:33:22 EST 2020: Peer 1005 received the 'not interested' message from 1003.
Sat Dec 12 13:33:22 EST 2020: Peer 1005 received the 'not interested' message from 1001.
Sat Dec 12 13:33:22 EST 2020: Peer 1005 received the 'not interested' message from 1004.
Sat Dec 12 13:33:22 EST 2020: Peer 1005 received the 'not interested' message from 1002.
Sat Dec 12 13:33:22 EST 2020: Peer 1005 has downloaded the 'PIECE' 49 from 1004.Now the number of pieces it has is 6
Sat Dec 12 13:33:22 EST 2020: Peer 1005 received the 'not interested' message from 1003.
Sat Dec 12 13:33:22 EST 2020: Peer 1005 is choked by 1002.
Sat Dec 12 13:33:22 EST 2020: Peer 1005 received the 'not interested' message from 1001.
Sat Dec 12 13:33:22 EST 2020: Peer 1005 received the 'not interested' message from 1004.
Sat Dec 12 13:33:22 EST 2020: Peer 1005 has downloaded the 'PIECE' 32 from 1002.Now the number of pieces it has is 7
Sat Dec 12 13:33:22 EST 2020: Peer 1005 received the 'not interested' message from 1003.
Sat Dec 12 13:33:22 EST 2020: Peer 1005 received the 'not interested' message from 1002.
Sat Dec 12 13:33:22 EST 2020: Peer 1005 received the 'not interested' message from 1001.
Sat Dec 12 13:33:22 EST 2020: Peer 1005 is unchoked by 1001.
Sat Dec 12 13:33:22 EST 2020: Peer 1005 received the 'not interested' message from 1004.
Sat Dec 12 13:33:22 EST 2020: Peer 1005 has downloaded the 'PIECE' 4 from 1001.Now the number of pieces it has is 8
Sat Dec 12 13:33:22 EST 2020: Peer 1005 received the 'not interested' message from 1002.
Sat Dec 12 13:33:22 EST 2020: Peer 1005 received the 'not interested' message from 1003.
Sat Dec 12 13:33:22 EST 2020: Peer 1005 received the 'not interested' message from 1001.
Sat Dec 12 13:33:22 EST 2020: Peer 1005 received the 'not interested' message from 1004.
Sat Dec 12 13:33:22 EST 2020: Peer 1005 has downloaded the 'PIECE' 50 from 1003.Now the number of pieces it has is 9
Sat Dec 12 13:33:22 EST 2020: Peer 1005 received the 'not interested' message from 1002.
Sat Dec 12 13:33:22 EST 2020: Peer 1005 received the 'not interested' message from 1001.
Sat Dec 12 13:33:22 EST 2020: Peer 1005 received the 'not interested' message from 1003.
Sat Dec 12 13:33:22 EST 2020: Peer 1005 received the 'not interested' message from 1004.
Sat Dec 12 13:33:22 EST 2020: Peer 1005 has downloaded the 'PIECE' 6 from 1004.Now the number of pieces it has is 10
Sat Dec 12 13:33:22 EST 2020: Peer 1005 received the 'not interested' message from 1002.
Sat Dec 12 13:33:23 EST 2020: Peer 1005 received the 'not interested' message from 1003.
Sat Dec 12 13:33:23 EST 2020: Peer 1005 received the 'not interested' message from 1001.
Sat Dec 12 13:33:23 EST 2020: Peer 1005 received the 'not interested' message from 1004.
Sat Dec 12 13:33:23 EST 2020: Peer 1005 has downloaded the 'PIECE' 13 from 1002.Now the number of pieces it has is 11
Sat Dec 12 13:33:23 EST 2020: Peer 1005 has downloaded the 'PIECE' 8 from 1001.Now the number of pieces it has is 12
Sat Dec 12 13:33:23 EST 2020: Peer 1005 received the 'not interested' message from 1002.
Sat Dec 12 13:33:23 EST 2020: Peer 1005 received the 'not interested' message from 1003.
Sat Dec 12 13:33:23 EST 2020: Peer 1005 received the 'not interested' message from 1001.
Sat Dec 12 13:33:23 EST 2020: Peer 1005 received the 'not interested' message from 1004.
Sat Dec 12 13:33:23 EST 2020: Peer 1005 has downloaded the 'PIECE' 1 from 1001.Now the number of pieces it has is 13
Sat Dec 12 13:33:23 EST 2020: Peer 1005 received the 'not interested' message from 1002.
Sat Dec 12 13:33:23 EST 2020: Peer 1005 received the 'not interested' message from 1003.
Sat Dec 12 13:33:23 EST 2020: Peer 1005 received the 'not interested' message from 1001.
Sat Dec 12 13:33:23 EST 2020: Peer 1005 received the 'not interested' message from 1004.
Sat Dec 12 13:33:23 EST 2020: Peer 1005 has downloaded the 'PIECE' 8 from 1003.Now the number of pieces it has is 13
Sat Dec 12 13:33:23 EST 2020: Peer 1005 received the 'not interested' message from 1002.
Sat Dec 12 13:33:23 EST 2020: Peer 1005 received the 'not interested' message from 1003.
Sat Dec 12 13:33:24 EST 2020: Peer 1005 received the 'not interested' message from 1004.
Sat Dec 12 13:33:24 EST 2020: Peer 1005 received the 'not interested' message from 1001.
Sat Dec 12 13:33:24 EST 2020: Peer 1005 has downloaded the 'PIECE' 52 from 1004.Now the number of pieces it has is 14
Sat Dec 12 13:33:24 EST 2020: Peer 1005 received the 'not interested' message from 1002.
Sat Dec 12 13:33:24 EST 2020: Peer 1005 received the 'not interested' message from 1003.
Sat Dec 12 13:33:24 EST 2020: Peer 1005 received the 'not interested' message from 1001.
Sat Dec 12 13:33:24 EST 2020: Peer 1005 received the 'not interested' message from 1004.
Sat Dec 12 13:33:24 EST 2020: Peer 1005 has downloaded the 'PIECE' 0 from 1002.Now the number of pieces it has is 15
Sat Dec 12 13:33:24 EST 2020: Peer 1005 received the 'not interested' message from 1003.
Sat Dec 12 13:33:24 EST 2020: Peer 1005 received the 'not interested' message from 1001.
Sat Dec 12 13:33:24 EST 2020: Peer 1005 received the 'not interested' message from 1002.
Sat Dec 12 13:33:24 EST 2020: Peer 1005 received the 'not interested' message from 1004.
Sat Dec 12 13:33:24 EST 2020: Peer 1005 has downloaded the 'PIECE' 20 from 1001.Now the number of pieces it has is 16
Sat Dec 12 13:33:24 EST 2020: Peer 1005 received the 'not interested' message from 1002.
Sat Dec 12 13:33:24 EST 2020: Peer 1005 received the 'not interested' message from 1003.
Sat Dec 12 13:33:24 EST 2020: Peer 1005 received the 'not interested' message from 1001.
Sat Dec 12 13:33:24 EST 2020: Peer 1005 received the 'not interested' message from 1004.
Sat Dec 12 13:33:24 EST 2020: Peer 1005 has downloaded the 'PIECE' 46 from 1001.Now the number of pieces it has is 17
Sat Dec 12 13:33:24 EST 2020: Peer 1005 received the 'not interested' message from 1002.
Sat Dec 12 13:33:24 EST 2020: Peer 1005 received the 'not interested' message from 1003.
Sat Dec 12 13:33:24 EST 2020: Peer 1005 received the 'not interested' message from 1001.
Sat Dec 12 13:33:24 EST 2020: Peer 1005 received the 'not interested' message from 1004.
Sat Dec 12 13:33:24 EST 2020: Peer 1005 has downloaded the 'PIECE' 46 from 1003.Now the number of pieces it has is 17
Sat Dec 12 13:33:24 EST 2020: Peer 1005 received the 'not interested' message from 1002.
Sat Dec 12 13:33:24 EST 2020: Peer 1005 received the 'not interested' message from 1003.
Sat Dec 12 13:33:24 EST 2020: Peer 1005 received the 'not interested' message from 1001.
Sat Dec 12 13:33:24 EST 2020: Peer 1005 is choked by 1004.
Sat Dec 12 13:33:24 EST 2020: Peer 1005 received the 'not interested' message from 1004.
Sat Dec 12 13:33:24 EST 2020: Peer 1005 has downloaded the 'PIECE' 39 from 1004.Now the number of pieces it has is 18
Sat Dec 12 13:33:24 EST 2020: Peer 1005 received the 'not interested' message from 1002.
Sat Dec 12 13:33:24 EST 2020: Peer 1005 received the 'not interested' message from 1003.
Sat Dec 12 13:33:24 EST 2020: Peer 1005 received the 'not interested' message from 1001.
Sat Dec 12 13:33:24 EST 2020: Peer 1005 received the 'not interested' message from 1004.
Sat Dec 12 13:33:24 EST 2020: Peer 1005 has downloaded the 'PIECE' 36 from 1002.Now the number of pieces it has is 19
Sat Dec 12 13:33:24 EST 2020: Peer 1005 received the 'not interested' message from 1003.
Sat Dec 12 13:33:24 EST 2020: Peer 1005 received the 'not interested' message from 1002.
Sat Dec 12 13:33:24 EST 2020: Peer 1005 received the 'not interested' message from 1001.
Sat Dec 12 13:33:24 EST 2020: Peer 1005 received the 'not interested' message from 1004.
Sat Dec 12 13:33:24 EST 2020: Peer 1005 has downloaded the 'PIECE' 21 from 1001.Now the number of pieces it has is 20
Sat Dec 12 13:33:24 EST 2020: Peer 1005 received the 'not interested' message from 1002.
Sat Dec 12 13:33:24 EST 2020: Peer 1005 received the 'not interested' message from 1003.
Sat Dec 12 13:33:24 EST 2020: Peer 1005 received the 'not interested' message from 1001.
Sat Dec 12 13:33:24 EST 2020: Peer 1005 received the 'not interested' message from 1004.
Sat Dec 12 13:33:24 EST 2020: Peer 1005 has downloaded the 'PIECE' 39 from 1001.Now the number of pieces it has is 20
Sat Dec 12 13:33:24 EST 2020: Peer 1005 received the 'not interested' message from 1002.
Sat Dec 12 13:33:24 EST 2020: Peer 1005 received the 'not interested' message from 1003.
Sat Dec 12 13:33:24 EST 2020: Peer 1005 received the 'not interested' message from 1001.
Sat Dec 12 13:33:24 EST 2020: Peer 1005 received the 'not interested' message from 1004.
Sat Dec 12 13:33:24 EST 2020: Peer 1005 is unchoked by 1002.
Sat Dec 12 13:33:24 EST 2020: Peer 1005 has downloaded the 'PIECE' 60 from 1003.Now the number of pieces it has is 21
Sat Dec 12 13:33:24 EST 2020: Peer 1005 received the 'not interested' message from 1002.
Sat Dec 12 13:33:24 EST 2020: Peer 1005 received the 'not interested' message from 1003.
Sat Dec 12 13:33:24 EST 2020: Peer 1005 received the 'not interested' message from 1001.
Sat Dec 12 13:33:24 EST 2020: Peer 1005 received the 'not interested' message from 1004.
Sat Dec 12 13:33:24 EST 2020: Peer 1005 has downloaded the 'PIECE' 47 from 1004.Now the number of pieces it has is 22
Sat Dec 12 13:33:24 EST 2020: Peer 1005 received the 'not interested' message from 1002.
Sat Dec 12 13:33:24 EST 2020: Peer 1005 received the 'not interested' message from 1003.
Sat Dec 12 13:33:24 EST 2020: Peer 1005 received the 'not interested' message from 1001.
Sat Dec 12 13:33:24 EST 2020: Peer 1005 received the 'not interested' message from 1004.
Sat Dec 12 13:33:24 EST 2020: Peer 1005 has downloaded the 'PIECE' 48 from 1002.Now the number of pieces it has is 23
Sat Dec 12 13:33:24 EST 2020: Peer 1005 received the 'not interested' message from 1003.
Sat Dec 12 13:33:24 EST 2020: Peer 1005 received the 'not interested' message from 1001.
Sat Dec 12 13:33:24 EST 2020: Peer 1005 received the 'not interested' message from 1002.
Sat Dec 12 13:33:24 EST 2020: Peer 1005 received the 'not interested' message from 1004.
Sat Dec 12 13:33:24 EST 2020: Peer 1005 has downloaded the 'PIECE' 28 from 1001.Now the number of pieces it has is 24
Sat Dec 12 13:33:24 EST 2020: Peer 1005 received the 'not interested' message from 1002.
Sat Dec 12 13:33:24 EST 2020: Peer 1005 received the 'not interested' message from 1003.
Sat Dec 12 13:33:24 EST 2020: Peer 1005 received the 'not interested' message from 1001.
Sat Dec 12 13:33:24 EST 2020: Peer 1005 received the 'not interested' message from 1004.
Sat Dec 12 13:33:24 EST 2020: Peer 1005 has downloaded the 'PIECE' 14 from 1001.Now the number of pieces it has is 25
Sat Dec 12 13:33:24 EST 2020: Peer 1005 has downloaded the 'PIECE' 14 from 1002.Now the number of pieces it has is 25
Sat Dec 12 13:33:24 EST 2020: Peer 1005 received the 'not interested' message from 1002.
Sat Dec 12 13:33:24 EST 2020: Peer 1005 received the 'not interested' message from 1003.
Sat Dec 12 13:33:24 EST 2020: Peer 1005 received the 'not interested' message from 1001.
Sat Dec 12 13:33:24 EST 2020: Peer 1005 received the 'not interested' message from 1004.
Sat Dec 12 13:33:24 EST 2020: Peer 1005 has downloaded the 'PIECE' 16 from 1003.Now the number of pieces it has is 26
Sat Dec 12 13:33:24 EST 2020: Peer 1005 received the 'not interested' message from 1002.
Sat Dec 12 13:33:24 EST 2020: Peer 1005 received the 'not interested' message from 1003.
Sat Dec 12 13:33:24 EST 2020: Peer 1005 received the 'not interested' message from 1001.
Sat Dec 12 13:33:24 EST 2020: Peer 1005 is choked by 1003.
Sat Dec 12 13:33:24 EST 2020: Peer 1005 received the 'not interested' message from 1004.
Sat Dec 12 13:33:24 EST 2020: Peer 1005 is unchoked by 1003.
Sat Dec 12 13:33:24 EST 2020: Peer 1005 received the 'not interested' message from 1002.
Sat Dec 12 13:33:24 EST 2020: Peer 1005 has downloaded the 'PIECE' 41 from 1004.Now the number of pieces it has is 27
Sat Dec 12 13:33:24 EST 2020: Peer 1005 received the 'not interested' message from 1003.
Sat Dec 12 13:33:24 EST 2020: Peer 1005 received the 'not interested' message from 1001.
Sat Dec 12 13:33:24 EST 2020: Peer 1005 received the 'not interested' message from 1004.
Sat Dec 12 13:33:24 EST 2020: Peer 1005 has downloaded the 'PIECE' 22 from 1002.Now the number of pieces it has is 28
Sat Dec 12 13:33:24 EST 2020: Peer 1005 received the 'not interested' message from 1003.
Sat Dec 12 13:33:24 EST 2020: Peer 1005 received the 'not interested' message from 1001.
Sat Dec 12 13:33:24 EST 2020: Peer 1005 received the 'not interested' message from 1002.
Sat Dec 12 13:33:24 EST 2020: Peer 1005 received the 'not interested' message from 1004.
Sat Dec 12 13:33:24 EST 2020: Peer 1005 has downloaded the 'PIECE' 18 from 1001.Now the number of pieces it has is 29
Sat Dec 12 13:33:24 EST 2020: Peer 1005 received the 'not interested' message from 1002.
Sat Dec 12 13:33:24 EST 2020: Peer 1005 received the 'not interested' message from 1003.
Sat Dec 12 13:33:24 EST 2020: Peer 1005 received the 'not interested' message from 1001.
Sat Dec 12 13:33:24 EST 2020: Peer 1005 received the 'not interested' message from 1004.
Sat Dec 12 13:33:24 EST 2020: Peer 1005 has downloaded the 'PIECE' 40 from 1001.Now the number of pieces it has is 30
Sat Dec 12 13:33:24 EST 2020: Peer 1005 received the 'not interested' message from 1002.
Sat Dec 12 13:33:24 EST 2020: Peer 1005 received the 'not interested' message from 1003.
Sat Dec 12 13:33:24 EST 2020: Peer 1005 received the 'not interested' message from 1001.
Sat Dec 12 13:33:24 EST 2020: Peer 1005 received the 'not interested' message from 1004.
Sat Dec 12 13:33:24 EST 2020: Peer 1005 has downloaded the 'PIECE' 29 from 1002.Now the number of pieces it has is 31
Sat Dec 12 13:33:24 EST 2020: Peer 1005 received the 'not interested' message from 1002.
Sat Dec 12 13:33:24 EST 2020: Peer 1005 received the 'not interested' message from 1003.
Sat Dec 12 13:33:24 EST 2020: Peer 1005 received the 'not interested' message from 1001.
Sat Dec 12 13:33:24 EST 2020: Peer 1005 received the 'not interested' message from 1004.
Sat Dec 12 13:33:24 EST 2020: Peer 1005 has downloaded the 'PIECE' 11 from 1003.Now the number of pieces it has is 32
Sat Dec 12 13:33:24 EST 2020: Peer 1005 received the 'not interested' message from 1002.
Sat Dec 12 13:33:24 EST 2020: Peer 1005 has downloaded the 'PIECE' 61 from 1003.Now the number of pieces it has is 33
Sat Dec 12 13:33:24 EST 2020: Peer 1005 received the 'not interested' message from 1001.
Sat Dec 12 13:33:24 EST 2020: Peer 1005 received the 'not interested' message from 1003.
Sat Dec 12 13:33:24 EST 2020: Peer 1005 received the 'not interested' message from 1004.
Sat Dec 12 13:33:24 EST 2020: Peer 1005 has downloaded the 'PIECE' 5 from 1004.Now the number of pieces it has is 34
Sat Dec 12 13:33:24 EST 2020: Peer 1005 received the 'not interested' message from 1002.
Sat Dec 12 13:33:24 EST 2020: Peer 1005 received the 'not interested' message from 1003.
Sat Dec 12 13:33:24 EST 2020: Peer 1005 received the 'not interested' message from 1001.
Sat Dec 12 13:33:24 EST 2020: Peer 1005 received the 'not interested' message from 1004.
Sat Dec 12 13:33:24 EST 2020: Peer 1005 has downloaded the 'PIECE' 37 from 1002.Now the number of pieces it has is 35
Sat Dec 12 13:33:24 EST 2020: Peer 1005 received the 'not interested' message from 1003.
Sat Dec 12 13:33:24 EST 2020: Peer 1005 received the 'not interested' message from 1001.
Sat Dec 12 13:33:24 EST 2020: Peer 1005 received the 'not interested' message from 1002.
Sat Dec 12 13:33:24 EST 2020: Peer 1005 received the 'not interested' message from 1004.
Sat Dec 12 13:33:24 EST 2020: Peer 1005 has downloaded the 'PIECE' 7 from 1001.Now the number of pieces it has is 36
Sat Dec 12 13:33:24 EST 2020: Peer 1005 received the 'not interested' message from 1002.
Sat Dec 12 13:33:24 EST 2020: Peer 1005 received the 'not interested' message from 1003.
Sat Dec 12 13:33:24 EST 2020: Peer 1005 received the 'not interested' message from 1001.
Sat Dec 12 13:33:24 EST 2020: Peer 1005 received the 'not interested' message from 1004.
Sat Dec 12 13:33:24 EST 2020: Peer 1005 has downloaded the 'PIECE' 34 from 1001.Now the number of pieces it has is 37
Sat Dec 12 13:33:24 EST 2020: Peer 1005 received the 'not interested' message from 1002.
Sat Dec 12 13:33:24 EST 2020: Peer 1005 received the 'not interested' message from 1003.
Sat Dec 12 13:33:24 EST 2020: Peer 1005 received the 'not interested' message from 1001.
Sat Dec 12 13:33:24 EST 2020: Peer 1005 received the 'not interested' message from 1004.
Sat Dec 12 13:33:24 EST 2020: Peer 1005 has downloaded the 'PIECE' 33 from 1002.Now the number of pieces it has is 38
Sat Dec 12 13:33:24 EST 2020: Peer 1005 received the 'not interested' message from 1002.
Sat Dec 12 13:33:24 EST 2020: Peer 1005 received the 'not interested' message from 1003.
Sat Dec 12 13:33:24 EST 2020: Peer 1005 received the 'not interested' message from 1001.
Sat Dec 12 13:33:24 EST 2020: Peer 1005 received the 'not interested' message from 1004.
Sat Dec 12 13:33:24 EST 2020: Peer 1005 has downloaded the 'PIECE' 34 from 1003.Now the number of pieces it has is 38
Sat Dec 12 13:33:24 EST 2020: Peer 1005 received the 'not interested' message from 1002.
Sat Dec 12 13:33:24 EST 2020: Peer 1005 received the 'not interested' message from 1001.
Sat Dec 12 13:33:24 EST 2020: Peer 1005 received the 'not interested' message from 1003.
Sat Dec 12 13:33:24 EST 2020: Peer 1005 received the 'not interested' message from 1004.
Sat Dec 12 13:33:24 EST 2020: Peer 1005 has downloaded the 'PIECE' 59 from 1003.Now the number of pieces it has is 39
Sat Dec 12 13:33:24 EST 2020: Peer 1005 received the 'not interested' message from 1002.
Sat Dec 12 13:33:24 EST 2020: Peer 1005 received the 'not interested' message from 1003.
Sat Dec 12 13:33:24 EST 2020: Peer 1005 received the 'not interested' message from 1001.
Sat Dec 12 13:33:24 EST 2020: Peer 1005 received the 'not interested' message from 1004.
Sat Dec 12 13:33:24 EST 2020: Peer 1005 received the 'not interested' message from 1002.
Sat Dec 12 13:33:24 EST 2020: Peer 1005 has downloaded the 'PIECE' 42 from 1004.Now the number of pieces it has is 40
Sat Dec 12 13:33:24 EST 2020: Peer 1005 received the 'not interested' message from 1003.
Sat Dec 12 13:33:24 EST 2020: Peer 1005 received the 'not interested' message from 1001.
Sat Dec 12 13:33:24 EST 2020: Peer 1005 received the 'not interested' message from 1004.
Sat Dec 12 13:33:24 EST 2020: Peer 1005 has downloaded the 'PIECE' 12 from 1002.Now the number of pieces it has is 41
Sat Dec 12 13:33:24 EST 2020: Peer 1005 received the 'not interested' message from 1003.
Sat Dec 12 13:33:24 EST 2020: Peer 1005 received the 'not interested' message from 1001.
Sat Dec 12 13:33:24 EST 2020: Peer 1005 received the 'not interested' message from 1004.
Sat Dec 12 13:33:24 EST 2020: Peer 1005 received the 'not interested' message from 1002.
Sat Dec 12 13:33:24 EST 2020: Peer 1005 has downloaded the 'PIECE' 38 from 1001.Now the number of pieces it has is 42
Sat Dec 12 13:33:24 EST 2020: Peer 1005 received the 'not interested' message from 1002.
Sat Dec 12 13:33:24 EST 2020: Peer 1005 received the 'not interested' message from 1003.
Sat Dec 12 13:33:24 EST 2020: Peer 1005 received the 'not interested' message from 1004.
Sat Dec 12 13:33:24 EST 2020: Peer 1005 received the 'not interested' message from 1001.
Sat Dec 12 13:33:24 EST 2020: Peer 1005 has downloaded the 'PIECE' 27 from 1001.Now the number of pieces it has is 43
Sat Dec 12 13:33:24 EST 2020: Peer 1005 received the 'not interested' message from 1002.
Sat Dec 12 13:33:24 EST 2020: Peer 1005 received the 'not interested' message from 1003.
Sat Dec 12 13:33:24 EST 2020: Peer 1005 received the 'not interested' message from 1001.
Sat Dec 12 13:33:24 EST 2020: Peer 1005 received the 'not interested' message from 1004.
Sat Dec 12 13:33:24 EST 2020: Peer 1005 has downloaded the 'PIECE' 24 from 1002.Now the number of pieces it has is 44
Sat Dec 12 13:33:24 EST 2020: Peer 1005 received the 'not interested' message from 1002.
Sat Dec 12 13:33:24 EST 2020: Peer 1005 received the 'not interested' message from 1004.
Sat Dec 12 13:33:24 EST 2020: Peer 1005 received the 'not interested' message from 1001.
Sat Dec 12 13:33:24 EST 2020: Peer 1005 received the 'not interested' message from 1002.
Sat Dec 12 13:33:24 EST 2020: Peer 1005 received the 'not interested' message from 1001.
Sat Dec 12 13:33:24 EST 2020: Peer 1005 received the 'not interested' message from 1004.
Sat Dec 12 13:33:24 EST 2020: Peer 1005 received the 'not interested' message from 1003.
Sat Dec 12 13:33:24 EST 2020: Peer 1005 has downloaded the 'PIECE' 31 from 1003.Now the number of pieces it has is 45
Sat Dec 12 13:33:24 EST 2020: Peer 1005 received the 'not interested' message from 1002.
Sat Dec 12 13:33:24 EST 2020: Peer 1005 received the 'not interested' message from 1003.
Sat Dec 12 13:33:24 EST 2020: Peer 1005 received the 'not interested' message from 1001.
Sat Dec 12 13:33:24 EST 2020: Peer 1005 has downloaded the 'PIECE' 12 from 1003.Now the number of pieces it has is 45
Sat Dec 12 13:33:24 EST 2020: Peer 1005 received the 'not interested' message from 1004.
Sat Dec 12 13:33:24 EST 2020: Peer 1005 received the 'not interested' message from 1003.
Sat Dec 12 13:33:24 EST 2020: Peer 1005 has downloaded the 'PIECE' 63 from 1004.Now the number of pieces it has is 46
Sat Dec 12 13:33:24 EST 2020: Peer 1005 received the 'not interested' message from 1002.
Sat Dec 12 13:33:24 EST 2020: Peer 1005 received the 'not interested' message from 1003.
Sat Dec 12 13:33:24 EST 2020: Peer 1005 received the 'not interested' message from 1001.
Sat Dec 12 13:33:24 EST 2020: Peer 1005 received the 'not interested' message from 1004.
Sat Dec 12 13:33:24 EST 2020: Peer 1005 has downloaded the 'PIECE' 44 from 1002.Now the number of pieces it has is 47
Sat Dec 12 13:33:24 EST 2020: Peer 1005 received the 'not interested' message from 1002.
Sat Dec 12 13:33:24 EST 2020: Peer 1005 received the 'not interested' message from 1003.
Sat Dec 12 13:33:24 EST 2020: Peer 1005 received the 'not interested' message from 1001.
Sat Dec 12 13:33:24 EST 2020: Peer 1005 received the 'not interested' message from 1004.
Sat Dec 12 13:33:24 EST 2020: Peer 1005 has downloaded the 'PIECE' 53 from 1001.Now the number of pieces it has is 48
Sat Dec 12 13:33:24 EST 2020: Peer 1005 received the 'not interested' message from 1002.
Sat Dec 12 13:33:24 EST 2020: Peer 1005 received the 'not interested' message from 1003.
Sat Dec 12 13:33:24 EST 2020: Peer 1005 received the 'not interested' message from 1001.
Sat Dec 12 13:33:24 EST 2020: Peer 1005 received the 'not interested' message from 1004.
Sat Dec 12 13:33:24 EST 2020: Peer 1005 has downloaded the 'PIECE' 23 from 1001.Now the number of pieces it has is 49
Sat Dec 12 13:33:24 EST 2020: Peer 1005 received the 'not interested' message from 1002.
Sat Dec 12 13:33:24 EST 2020: Peer 1005 received the 'not interested' message from 1001.
Sat Dec 12 13:33:24 EST 2020: Peer 1005 received the 'not interested' message from 1003.
Sat Dec 12 13:33:24 EST 2020: Peer 1005 received the 'not interested' message from 1004.
Sat Dec 12 13:33:24 EST 2020: Peer 1005 has downloaded the 'PIECE' 53 from 1002.Now the number of pieces it has is 49
Sat Dec 12 13:33:24 EST 2020: Peer 1005 received the 'not interested' message from 1002.
Sat Dec 12 13:33:24 EST 2020: Peer 1005 received the 'not interested' message from 1003.
Sat Dec 12 13:33:24 EST 2020: Peer 1005 received the 'not interested' message from 1001.
Sat Dec 12 13:33:24 EST 2020: Peer 1005 received the 'not interested' message from 1004.
Sat Dec 12 13:33:24 EST 2020: Peer 1005 has downloaded the 'PIECE' 9 from 1003.Now the number of pieces it has is 50
Sat Dec 12 13:33:24 EST 2020: Peer 1005 received the 'not interested' message from 1002.
Sat Dec 12 13:33:24 EST 2020: Peer 1005 received the 'not interested' message from 1003.
Sat Dec 12 13:33:24 EST 2020: Peer 1005 received the 'not interested' message from 1001.
Sat Dec 12 13:33:24 EST 2020: Peer 1005 received the 'not interested' message from 1004.
Sat Dec 12 13:33:24 EST 2020: Peer 1005 has downloaded the 'PIECE' 10 from 1003.Now the number of pieces it has is 51
Sat Dec 12 13:33:24 EST 2020: Peer 1005 received the 'not interested' message from 1002.
Sat Dec 12 13:33:24 EST 2020: Peer 1005 received the 'not interested' message from 1001.
Sat Dec 12 13:33:24 EST 2020: Peer 1005 received the 'not interested' message from 1004.
Sat Dec 12 13:33:24 EST 2020: Peer 1005 received the 'not interested' message from 1003.
Sat Dec 12 13:33:24 EST 2020: Peer 1005 has downloaded the 'PIECE' 2 from 1004.Now the number of pieces it has is 52
Sat Dec 12 13:33:24 EST 2020: Peer 1005 received the 'not interested' message from 1002.
Sat Dec 12 13:33:24 EST 2020: Peer 1005 received the 'not interested' message from 1003.
Sat Dec 12 13:33:24 EST 2020: Peer 1005 received the 'not interested' message from 1001.
Sat Dec 12 13:33:24 EST 2020: Peer 1005 received the 'not interested' message from 1004.
Sat Dec 12 13:33:24 EST 2020: Peer 1005 has downloaded the 'PIECE' 17 from 1002.Now the number of pieces it has is 53
Sat Dec 12 13:33:24 EST 2020: Peer 1005 received the 'not interested' message from 1002.
Sat Dec 12 13:33:24 EST 2020: Peer 1005 received the 'not interested' message from 1003.
Sat Dec 12 13:33:24 EST 2020: Peer 1005 received the 'not interested' message from 1001.
Sat Dec 12 13:33:24 EST 2020: Peer 1005 received the 'not interested' message from 1004.
Sat Dec 12 13:33:24 EST 2020: Peer 1005 has downloaded the 'PIECE' 45 from 1001.Now the number of pieces it has is 54
Sat Dec 12 13:33:24 EST 2020: Peer 1005 received the 'not interested' message from 1002.
Sat Dec 12 13:33:24 EST 2020: Peer 1005 received the 'not interested' message from 1003.
Sat Dec 12 13:33:24 EST 2020: Peer 1005 received the 'not interested' message from 1001.
Sat Dec 12 13:33:24 EST 2020: Peer 1005 received the 'not interested' message from 1004.
Sat Dec 12 13:33:24 EST 2020: Peer 1005 has downloaded the 'PIECE' 62 from 1001.Now the number of pieces it has is 55
Sat Dec 12 13:33:24 EST 2020: Peer 1005 received the 'not interested' message from 1002.
Sat Dec 12 13:33:24 EST 2020: Peer 1005 received the 'not interested' message from 1003.
Sat Dec 12 13:33:24 EST 2020: Peer 1005 is choked by 1001.
Sat Dec 12 13:33:24 EST 2020: Peer 1005 received the 'not interested' message from 1001.
Sat Dec 12 13:33:24 EST 2020: Peer 1005 received the 'not interested' message from 1004.
Sat Dec 12 13:33:24 EST 2020: Peer 1005 has downloaded the 'PIECE' 56 from 1002.Now the number of pieces it has is 56
Sat Dec 12 13:33:24 EST 2020: Peer 1005 received the 'not interested' message from 1003.
Sat Dec 12 13:33:24 EST 2020: Peer 1005 received the 'not interested' message from 1002.
Sat Dec 12 13:33:24 EST 2020: Peer 1005 received the 'not interested' message from 1001.
Sat Dec 12 13:33:24 EST 2020: Peer 1005 received the 'not interested' message from 1004.
Sat Dec 12 13:33:24 EST 2020: Peer 1005 has downloaded the 'PIECE' 45 from 1003.Now the number of pieces it has is 56
Sat Dec 12 13:33:24 EST 2020: Peer 1005 received the 'not interested' message from 1002.
Sat Dec 12 13:33:24 EST 2020: Peer 1005 received the 'not interested' message from 1003.
Sat Dec 12 13:33:24 EST 2020: Peer 1005 received the 'not interested' message from 1001.
Sat Dec 12 13:33:24 EST 2020: Peer 1005 received the 'not interested' message from 1004.
Sat Dec 12 13:33:24 EST 2020: Peer 1005 has downloaded the 'PIECE' 56 from 1003.Now the number of pieces it has is 56
Sat Dec 12 13:33:24 EST 2020: Peer 1005 received the 'not interested' message from 1002.
Sat Dec 12 13:33:24 EST 2020: Peer 1005 received the 'not interested' message from 1003.
Sat Dec 12 13:33:24 EST 2020: Peer 1005 received the 'not interested' message from 1001.
Sat Dec 12 13:33:24 EST 2020: Peer 1005 received the 'not interested' message from 1004.
Sat Dec 12 13:33:24 EST 2020: Peer 1005 has downloaded the 'PIECE' 64 from 1004.Now the number of pieces it has is 57
Sat Dec 12 13:33:24 EST 2020: Peer 1005 received the 'not interested' message from 1002.
Sat Dec 12 13:33:24 EST 2020: Peer 1005 received the 'not interested' message from 1003.
Sat Dec 12 13:33:24 EST 2020: Peer 1005 received the 'not interested' message from 1001.
Sat Dec 12 13:33:24 EST 2020: Peer 1005 received the 'not interested' message from 1004.
Sat Dec 12 13:33:24 EST 2020: Peer 1005 has downloaded the 'PIECE' 65 from 1002.Now the number of pieces it has is 58
Sat Dec 12 13:33:24 EST 2020: Peer 1005 received the 'not interested' message from 1002.
Sat Dec 12 13:33:24 EST 2020: Peer 1005 received the 'not interested' message from 1003.
Sat Dec 12 13:33:24 EST 2020: Peer 1005 received the 'not interested' message from 1001.
Sat Dec 12 13:33:24 EST 2020: Peer 1005 received the 'not interested' message from 1004.
Sat Dec 12 13:33:24 EST 2020: Peer 1005 has downloaded the 'PIECE' 25 from 1001.Now the number of pieces it has is 59
Sat Dec 12 13:33:24 EST 2020: Peer 1005 received the 'not interested' message from 1002.
Sat Dec 12 13:33:24 EST 2020: Peer 1005 received the 'not interested' message from 1003.
Sat Dec 12 13:33:24 EST 2020: Peer 1005 received the 'not interested' message from 1001.
Sat Dec 12 13:33:24 EST 2020: Peer 1005 received the 'not interested' message from 1004.
Sat Dec 12 13:33:24 EST 2020: Peer 1005 has downloaded the 'PIECE' 65 from 1001.Now the number of pieces it has is 59
Sat Dec 12 13:33:24 EST 2020: Peer 1005 received the 'not interested' message from 1002.
Sat Dec 12 13:33:24 EST 2020: Peer 1005 received the 'not interested' message from 1003.
Sat Dec 12 13:33:24 EST 2020: Peer 1005 received the 'not interested' message from 1001.
Sat Dec 12 13:33:24 EST 2020: Peer 1005 received the 'not interested' message from 1004.
Sat Dec 12 13:33:24 EST 2020: Peer 1005 has downloaded the 'PIECE' 30 from 1002.Now the number of pieces it has is 60
Sat Dec 12 13:33:24 EST 2020: Peer 1005 received the 'not interested' message from 1003.
Sat Dec 12 13:33:24 EST 2020: Peer 1005 received the 'not interested' message from 1002.
Sat Dec 12 13:33:24 EST 2020: Peer 1005 received the 'not interested' message from 1001.
Sat Dec 12 13:33:24 EST 2020: Peer 1005 received the 'not interested' message from 1004.
Sat Dec 12 13:33:24 EST 2020: Peer 1005 received the 'not interested' message from 1002.
Sat Dec 12 13:33:24 EST 2020: Peer 1005 has downloaded the 'PIECE' 35 from 1003.Now the number of pieces it has is 61
Sat Dec 12 13:33:24 EST 2020: Peer 1005 received the 'not interested' message from 1003.
Sat Dec 12 13:33:24 EST 2020: Peer 1005 received the 'not interested' message from 1001.
Sat Dec 12 13:33:24 EST 2020: Peer 1005 received the 'not interested' message from 1004.
Sat Dec 12 13:33:24 EST 2020: Peer 1005 has downloaded the 'PIECE' 51 from 1003.Now the number of pieces it has is 62
Sat Dec 12 13:33:24 EST 2020: Peer 1005 received the 'not interested' message from 1002.
Sat Dec 12 13:33:24 EST 2020: Peer 1005 received the 'not interested' message from 1003.
Sat Dec 12 13:33:24 EST 2020: Peer 1005 received the 'not interested' message from 1001.
Sat Dec 12 13:33:24 EST 2020: Peer 1005 received the 'not interested' message from 1004.
Sat Dec 12 13:33:24 EST 2020: Peer 1005 has downloaded the 'PIECE' 57 from 1004.Now the number of pieces it has is 63
Sat Dec 12 13:33:24 EST 2020: Peer 1005 received the 'not interested' message from 1002.
Sat Dec 12 13:33:24 EST 2020: Peer 1005 received the 'not interested' message from 1003.
Sat Dec 12 13:33:24 EST 2020: Peer 1005 received the 'not interested' message from 1001.
Sat Dec 12 13:33:24 EST 2020: Peer 1005 received the 'not interested' message from 1004.
Sat Dec 12 13:33:24 EST 2020: Peer 1005 has downloaded the 'PIECE' 51 from 1002.Now the number of pieces it has is 63
Sat Dec 12 13:33:24 EST 2020: Peer 1005 received the 'not interested' message from 1003.
Sat Dec 12 13:33:24 EST 2020: Peer 1005 received the 'not interested' message from 1001.
Sat Dec 12 13:33:24 EST 2020: Peer 1005 received the 'not interested' message from 1002.
Sat Dec 12 13:33:24 EST 2020: Peer 1005 received the 'not interested' message from 1004.
Sat Dec 12 13:33:24 EST 2020: Peer 1005 received the 'not interested' message from 1002.
Sat Dec 12 13:33:24 EST 2020: Peer 1005 has downloaded the 'PIECE' 35 from 1001.Now the number of pieces it has is 63
Sat Dec 12 13:33:24 EST 2020: Peer 1005 received the 'not interested' message from 1003.
Sat Dec 12 13:33:24 EST 2020: Peer 1005 received the 'not interested' message from 1001.
Sat Dec 12 13:33:24 EST 2020: Peer 1005 received the 'not interested' message from 1004.
Sat Dec 12 13:33:24 EST 2020: Peer 1005 has downloaded the 'PIECE' 35 from 1001.Now the number of pieces it has is 63
Sat Dec 12 13:33:24 EST 2020: Peer 1005 received the 'not interested' message from 1002.
Sat Dec 12 13:33:24 EST 2020: Peer 1005 received the 'not interested' message from 1003.
Sat Dec 12 13:33:24 EST 2020: Peer 1005 received the 'not interested' message from 1001.
Sat Dec 12 13:33:24 EST 2020: Peer 1005 received the 'not interested' message from 1004.
Sat Dec 12 13:33:24 EST 2020: Peer 1005 has downloaded the 'PIECE' 43 from 1002.Now the number of pieces it has is 64
Sat Dec 12 13:33:24 EST 2020: Peer 1005 received the 'not interested' message from 1003.
Sat Dec 12 13:33:24 EST 2020: Peer 1005 received the 'not interested' message from 1002.
Sat Dec 12 13:33:24 EST 2020: Peer 1005 received the 'not interested' message from 1001.
Sat Dec 12 13:33:24 EST 2020: Peer 1005 received the 'not interested' message from 1004.
Sat Dec 12 13:33:24 EST 2020: Peer 1005 has downloaded the 'PIECE' 26 from 1003.Now the number of pieces it has is 65
Sat Dec 12 13:33:24 EST 2020: Peer 1005 received the 'not interested' message from 1002.
Sat Dec 12 13:33:24 EST 2020: Peer 1005 received the 'not interested' message from 1003.
Sat Dec 12 13:33:24 EST 2020: Peer 1005 received the 'not interested' message from 1001.
Sat Dec 12 13:33:24 EST 2020: Peer 1005 received the 'not interested' message from 1004.
Sat Dec 12 13:33:24 EST 2020: Peer 1005 has downloaded the 'PIECE' 54 from 1003.Now the number of pieces it has is 66
Sat Dec 12 13:33:24 EST 2020: Peer 1005 received the 'not interested' message from 1002.
Sat Dec 12 13:33:24 EST 2020: Peer 1005 received the 'not interested' message from 1003.
Sat Dec 12 13:33:24 EST 2020: Peer 1005 received the 'not interested' message from 1001.
Sat Dec 12 13:33:24 EST 2020: Peer 1005 received the 'not interested' message from 1004.
Sat Dec 12 13:33:24 EST 2020: Peer 1005 has downloaded the 'PIECE' 66 from 1004.Now the number of pieces it has is 67
Sat Dec 12 13:33:24 EST 2020: Peer 1005 has downloaded the complete file.
Sat Dec 12 13:33:24 EST 2020: Peer 1005 received the 'not interested' message from 1003.
Sat Dec 12 13:33:24 EST 2020: Peer 1005 received the 'not interested' message from 1002.
Sat Dec 12 13:33:24 EST 2020: Peer 1005 received the 'not interested' message from 1001.
Sat Dec 12 13:33:24 EST 2020: Peer 1005 has downloaded the 'PIECE' 43 from 1002.Now the number of pieces it has is 67
Sat Dec 12 13:33:24 EST 2020: Peer 1005 has downloaded the complete file.
Sat Dec 12 13:33:24 EST 2020: Peer 1005 received the 'not interested' message from 1003.
Sat Dec 12 13:33:24 EST 2020: Peer 1005 received the 'not interested' message from 1001.
Sat Dec 12 13:33:24 EST 2020: Peer 1005 has downloaded the 'PIECE' 43 from 1001.Now the number of pieces it has is 67
Sat Dec 12 13:33:24 EST 2020: Peer 1005 has downloaded the complete file.
Sat Dec 12 13:33:24 EST 2020: Peer 1005 received the 'not interested' message from 1003.
Sat Dec 12 13:33:24 EST 2020: Peer 1005 received the 'not interested' message from 1003.
Sat Dec 12 13:33:24 EST 2020: Peer 1005 received the 'not interested' message from 1003.
Sat Dec 12 13:33:24 EST 2020: Peer 1005 has downloaded the 'PIECE' 66 from 1003.Now the number of pieces it has is 67
Sat Dec 12 13:33:24 EST 2020: Peer 1005 has downloaded the complete file.
Sat Dec 12 13:33:28 EST 2020: Peer 1005 is connected from Peer 1006.
Sat Dec 12 13:33:28 EST 2020: Peer 1005 received the 'not interested' message from 1006.
Sat Dec 12 13:33:32 EST 2020: Peer 1005 is connected from Peer 1007.
Sat Dec 12 13:33:32 EST 2020: Peer 1005 received the 'interested' message from 1007.
Sat Dec 12 13:33:33 EST 2020: Peer 1005 received the 'have' message from 1007 for the piece 13.
Sat Dec 12 13:33:33 EST 2020: Peer 1005 received the 'have' message from 1007 for the piece 8.
Sat Dec 12 13:33:33 EST 2020: Peer 1005 has the preferred neighbors .
Sat Dec 12 13:33:33 EST 2020: Peer 1005 received the 'have' message from 1007 for the piece 7.
Sat Dec 12 13:33:33 EST 2020: Peer 1005 received the 'have' message from 1007 for the piece 52.
Sat Dec 12 13:33:33 EST 2020: Peer 1005 received the 'have' message from 1007 for the piece 21.
Sat Dec 12 13:33:33 EST 2020: Peer 1005 received the 'have' message from 1007 for the piece 50.
Sat Dec 12 13:33:33 EST 2020: Peer 1005 received the 'have' message from 1007 for the piece 20.
Sat Dec 12 13:33:34 EST 2020: Peer 1005 received the 'have' message from 1007 for the piece 6.
Sat Dec 12 13:33:34 EST 2020: Peer 1005 received the 'have' message from 1007 for the piece 30.
Sat Dec 12 13:33:34 EST 2020: Peer 1005 received the 'have' message from 1007 for the piece 32.
Sat Dec 12 13:33:35 EST 2020: Peer 1005 received the 'have' message from 1007 for the piece 35.
Sat Dec 12 13:33:35 EST 2020: Peer 1005 received the 'have' message from 1007 for the piece 12.
Sat Dec 12 13:33:35 EST 2020: Peer 1005 received the 'have' message from 1007 for the piece 42.
Sat Dec 12 13:33:35 EST 2020: Peer 1005 received the 'have' message from 1007 for the piece 48.
Sat Dec 12 13:33:35 EST 2020: Peer 1005 received the 'have' message from 1007 for the piece 29.
Sat Dec 12 13:33:35 EST 2020: Peer 1005 received the 'have' message from 1007 for the piece 25.
Sat Dec 12 13:33:35 EST 2020: Peer 1005 received the 'have' message from 1007 for the piece 58.
Sat Dec 12 13:33:35 EST 2020: Peer 1005 received the 'have' message from 1007 for the piece 27.
Sat Dec 12 13:33:35 EST 2020: Peer 1005 received the 'have' message from 1007 for the piece 64.
Sat Dec 12 13:33:35 EST 2020: Peer 1005 received the 'have' message from 1007 for the piece 5.
Sat Dec 12 13:33:35 EST 2020: Peer 1005 received the 'have' message from 1007 for the piece 40.
Sat Dec 12 13:33:35 EST 2020: Peer 1005 received the 'have' message from 1007 for the piece 17.
Sat Dec 12 13:33:35 EST 2020: Peer 1005 received the 'have' message from 1007 for the piece 17.
Sat Dec 12 13:33:35 EST 2020: Peer 1005 received the 'have' message from 1007 for the piece 14.
Sat Dec 12 13:33:35 EST 2020: Peer 1005 received the 'have' message from 1007 for the piece 39.
Sat Dec 12 13:33:35 EST 2020: Peer 1005 received the 'have' message from 1007 for the piece 31.
Sat Dec 12 13:33:35 EST 2020: Peer 1005 received the 'have' message from 1007 for the piece 46.
Sat Dec 12 13:33:35 EST 2020: Peer 1005 received the 'have' message from 1007 for the piece 24.
Sat Dec 12 13:33:35 EST 2020: Peer 1005 received the 'have' message from 1007 for the piece 28.
Sat Dec 12 13:33:35 EST 2020: Peer 1005 received the 'have' message from 1007 for the piece 49.
Sat Dec 12 13:33:35 EST 2020: Peer 1005 received the 'have' message from 1007 for the piece 36.
Sat Dec 12 13:33:35 EST 2020: Peer 1005 received the 'have' message from 1007 for the piece 9.
Sat Dec 12 13:33:35 EST 2020: Peer 1005 received the 'have' message from 1007 for the piece 15.
Sat Dec 12 13:33:35 EST 2020: Peer 1005 received the 'have' message from 1007 for the piece 62.
Sat Dec 12 13:33:35 EST 2020: Peer 1005 received the 'have' message from 1007 for the piece 44.
Sat Dec 12 13:33:35 EST 2020: Peer 1005 received the 'have' message from 1007 for the piece 57.
Sat Dec 12 13:33:35 EST 2020: Peer 1005 received the 'have' message from 1007 for the piece 11.
Sat Dec 12 13:33:35 EST 2020: Peer 1005 received the 'have' message from 1007 for the piece 44.
Sat Dec 12 13:33:35 EST 2020: Peer 1005 received the 'have' message from 1007 for the piece 62.
Sat Dec 12 13:33:35 EST 2020: Peer 1005 received the 'have' message from 1007 for the piece 41.
Sat Dec 12 13:33:35 EST 2020: Peer 1005 received the 'have' message from 1007 for the piece 0.
Sat Dec 12 13:33:35 EST 2020: Peer 1005 received the 'have' message from 1007 for the piece 37.
Sat Dec 12 13:33:35 EST 2020: Peer 1005 received the 'have' message from 1007 for the piece 41.
Sat Dec 12 13:33:35 EST 2020: Peer 1005 received the 'have' message from 1007 for the piece 54.
Sat Dec 12 13:33:35 EST 2020: Peer 1005 received the 'have' message from 1007 for the piece 33.
Sat Dec 12 13:33:35 EST 2020: Peer 1005 received the 'have' message from 1007 for the piece 59.
Sat Dec 12 13:33:35 EST 2020: Peer 1005 received the 'have' message from 1007 for the piece 18.
Sat Dec 12 13:33:35 EST 2020: Peer 1005 received the 'have' message from 1007 for the piece 43.
Sat Dec 12 13:33:35 EST 2020: Peer 1005 received the 'have' message from 1007 for the piece 66.
Sat Dec 12 13:33:35 EST 2020: Peer 1005 received the 'have' message from 1007 for the piece 16.
Sat Dec 12 13:33:35 EST 2020: Peer 1005 received the 'have' message from 1007 for the piece 2.
Sat Dec 12 13:33:35 EST 2020: Peer 1005 received the 'have' message from 1007 for the piece 10.
Sat Dec 12 13:33:35 EST 2020: Peer 1005 received the 'have' message from 1007 for the piece 3.
Sat Dec 12 13:33:35 EST 2020: Peer 1005 received the 'have' message from 1007 for the piece 59.
Sat Dec 12 13:33:35 EST 2020: Peer 1005 received the 'have' message from 1007 for the piece 19.
Sat Dec 12 13:33:35 EST 2020: Peer 1005 received the 'have' message from 1007 for the piece 51.
Sat Dec 12 13:33:35 EST 2020: Peer 1005 received the 'have' message from 1007 for the piece 26.
Sat Dec 12 13:33:35 EST 2020: Peer 1005 received the 'have' message from 1007 for the piece 23.
Sat Dec 12 13:33:35 EST 2020: Peer 1005 received the 'have' message from 1007 for the piece 2.
Sat Dec 12 13:33:35 EST 2020: Peer 1005 received the 'have' message from 1007 for the piece 22.
Sat Dec 12 13:33:35 EST 2020: Peer 1005 received the 'have' message from 1007 for the piece 26.
Sat Dec 12 13:33:36 EST 2020: Peer 1005 received the 'have' message from 1007 for the piece 26.
Sat Dec 12 13:33:36 EST 2020: Peer 1005 received the 'have' message from 1007 for the piece 45.
Sat Dec 12 13:33:36 EST 2020: Peer 1005 received the 'have' message from 1007 for the piece 63.
Sat Dec 12 13:33:36 EST 2020: Peer 1005 received the 'have' message from 1007 for the piece 55.
Sat Dec 12 13:33:36 EST 2020: Peer 1005 received the 'have' message from 1007 for the piece 22.
Sat Dec 12 13:33:36 EST 2020: Peer 1005 received the 'have' message from 1007 for the piece 61.
Sat Dec 12 13:33:36 EST 2020: Peer 1005 received the 'have' message from 1007 for the piece 1.
Sat Dec 12 13:33:36 EST 2020: Peer 1005 received the 'have' message from 1007 for the piece 65.
Sat Dec 12 13:33:36 EST 2020: Peer 1005 received the 'have' message from 1007 for the piece 63.
Sat Dec 12 13:33:36 EST 2020: Peer 1005 received the 'have' message from 1007 for the piece 47.
Sat Dec 12 13:33:36 EST 2020: Peer 1005 received the 'have' message from 1007 for the piece 47.
Sat Dec 12 13:33:36 EST 2020: Peer 1005 received the 'have' message from 1007 for the piece 53.
Sat Dec 12 13:33:36 EST 2020: Peer 1005 received the 'have' message from 1007 for the piece 53.
Sat Dec 12 13:33:36 EST 2020: Peer 1005 received the 'have' message from 1007 for the piece 34.
Sat Dec 12 13:33:36 EST 2020: Peer 1005 has the optimistically unchoked neighbor 1007.
Sat Dec 12 13:33:36 EST 2020: Peer 1005 has the preferred neighbors .
Sat Dec 12 13:33:36 EST 2020: Peer 1005 received the 'have' message from 1007 for the piece 47.
Sat Dec 12 13:33:36 EST 2020: Peer 1005 received the 'have' message from 1007 for the piece 65.
Sat Dec 12 13:33:36 EST 2020: Peer 1005 received the 'have' message from 1007 for the piece 4.
Sat Dec 12 13:33:36 EST 2020: Peer 1005 received the 'have' message from 1007 for the piece 53.
Sat Dec 12 13:33:36 EST 2020: Peer 1005 received the 'have' message from 1007 for the piece 34.
Sat Dec 12 13:33:36 EST 2020: Peer 1005 received the 'have' message from 1007 for the piece 56.
Sat Dec 12 13:33:36 EST 2020: Peer 1005 received the 'have' message from 1007 for the piece 60.
Sat Dec 12 13:33:36 EST 2020: Peer 1005 received the 'have' message from 1007 for the piece 56.
Sat Dec 12 13:33:36 EST 2020: Peer 1005 received the 'have' message from 1007 for the piece 56.
Sat Dec 12 13:33:36 EST 2020: Peer 1005 received the 'have' message from 1007 for the piece 60.
Sat Dec 12 13:33:36 EST 2020: Peer 1005 received the 'have' message from 1007 for the piece 60.
Sat Dec 12 13:33:36 EST 2020: Peer 1005 received the 'have' message from 1007 for the piece 56.
Sat Dec 12 13:33:36 EST 2020: Peer 1005 received the 'have' message from 1007 for the piece 60.
Sat Dec 12 13:33:36 EST 2020: Peer 1005 received the 'have' message from 1007 for the piece 56.
Sat Dec 12 13:33:36 EST 2020: Peer 1005 received the 'have' message from 1007 for the piece 38.
Sat Dec 12 13:33:36 EST 2020: Peer 1005 received the 'have' message from 1007 for the piece 38.
Sat Dec 12 13:33:36 EST 2020: Peer 1005 received the 'have' message from 1007 for the piece 38.
Sat Dec 12 13:33:36 EST 2020: Peer 1005 received the 'have' message from 1007 for the piece 38.
Sat Dec 12 13:33:36 EST 2020: Peer 1005 received the 'have' message from 1007 for the piece 38.
Sat Dec 12 13:33:36 EST 2020: Peer 1005 received the 'have' message from 1007 for the piece 38.
Sat Dec 12 13:33:37 EST 2020: Peer 1005 is connected from Peer 1008.
Sat Dec 12 13:33:37 EST 2020: Peer 1005 received the 'interested' message from 1008.
Sat Dec 12 13:33:38 EST 2020: Peer 1005 received the 'have' message from 1008 for the piece 29.
Sat Dec 12 13:33:38 EST 2020: Peer 1005 received the 'have' message from 1008 for the piece 22.
Sat Dec 12 13:33:38 EST 2020: Peer 1005 received the 'have' message from 1008 for the piece 31.
Sat Dec 12 13:33:38 EST 2020: Peer 1005 received the 'have' message from 1008 for the piece 34.
Sat Dec 12 13:33:38 EST 2020: Peer 1005 received the 'have' message from 1008 for the piece 22.
Sat Dec 12 13:33:38 EST 2020: Peer 1005 received the 'have' message from 1008 for the piece 17.
Sat Dec 12 13:33:38 EST 2020: Peer 1005 received the 'have' message from 1008 for the piece 65.
Sat Dec 12 13:33:39 EST 2020: Peer 1005 received the 'have' message from 1008 for the piece 61.
Sat Dec 12 13:33:39 EST 2020: Peer 1005 has the preferred neighbors .
Sat Dec 12 13:33:39 EST 2020: Peer 1005 received the 'have' message from 1008 for the piece 49.
Sat Dec 12 13:33:40 EST 2020: Peer 1005 received the 'have' message from 1008 for the piece 48.
Sat Dec 12 13:33:40 EST 2020: Peer 1005 received the 'have' message from 1008 for the piece 44.
Sat Dec 12 13:33:40 EST 2020: Peer 1005 received the 'have' message from 1008 for the piece 50.
Sat Dec 12 13:33:40 EST 2020: Peer 1005 received the 'have' message from 1008 for the piece 50.
Sat Dec 12 13:33:40 EST 2020: Peer 1005 received the 'have' message from 1008 for the piece 14.
Sat Dec 12 13:33:40 EST 2020: Peer 1005 received the 'have' message from 1008 for the piece 23.
Sat Dec 12 13:33:40 EST 2020: Peer 1005 received the 'have' message from 1008 for the piece 9.
Sat Dec 12 13:33:40 EST 2020: Peer 1005 received the 'have' message from 1008 for the piece 15.
Sat Dec 12 13:33:40 EST 2020: Peer 1005 received the 'have' message from 1008 for the piece 27.
Sat Dec 12 13:33:40 EST 2020: Peer 1005 received the 'have' message from 1008 for the piece 6.
Sat Dec 12 13:33:40 EST 2020: Peer 1005 received the 'have' message from 1008 for the piece 52.
Sat Dec 12 13:33:40 EST 2020: Peer 1005 received the 'have' message from 1008 for the piece 40.
Sat Dec 12 13:33:40 EST 2020: Peer 1005 received the 'have' message from 1008 for the piece 51.
Sat Dec 12 13:33:40 EST 2020: Peer 1005 received the 'have' message from 1008 for the piece 16.
Sat Dec 12 13:33:40 EST 2020: Peer 1005 received the 'have' message from 1008 for the piece 35.
Sat Dec 12 13:33:40 EST 2020: Peer 1005 received the 'have' message from 1008 for the piece 27.
Sat Dec 12 13:33:40 EST 2020: Peer 1005 received the 'have' message from 1008 for the piece 47.
Sat Dec 12 13:33:40 EST 2020: Peer 1005 received the 'have' message from 1008 for the piece 64.
Sat Dec 12 13:33:40 EST 2020: Peer 1005 received the 'have' message from 1008 for the piece 46.
Sat Dec 12 13:33:40 EST 2020: Peer 1005 received the 'have' message from 1008 for the piece 0.
Sat Dec 12 13:33:40 EST 2020: Peer 1005 received the 'have' message from 1008 for the piece 59.
Sat Dec 12 13:33:40 EST 2020: Peer 1005 received the 'have' message from 1008 for the piece 26.
Sat Dec 12 13:33:40 EST 2020: Peer 1005 received the 'have' message from 1008 for the piece 3.
Sat Dec 12 13:33:40 EST 2020: Peer 1005 received the 'have' message from 1008 for the piece 20.
Sat Dec 12 13:33:40 EST 2020: Peer 1005 received the 'have' message from 1008 for the piece 38.
Sat Dec 12 13:33:40 EST 2020: Peer 1005 received the 'have' message from 1008 for the piece 5.
Sat Dec 12 13:33:40 EST 2020: Peer 1005 received the 'have' message from 1008 for the piece 43.
Sat Dec 12 13:33:40 EST 2020: Peer 1005 received the 'have' message from 1008 for the piece 41.
Sat Dec 12 13:33:40 EST 2020: Peer 1005 received the 'have' message from 1008 for the piece 55.
Sat Dec 12 13:33:40 EST 2020: Peer 1005 received the 'have' message from 1008 for the piece 1.
Sat Dec 12 13:33:40 EST 2020: Peer 1005 received the 'have' message from 1008 for the piece 60.
Sat Dec 12 13:33:40 EST 2020: Peer 1005 received the 'have' message from 1008 for the piece 53.
Sat Dec 12 13:33:40 EST 2020: Peer 1005 received the 'have' message from 1008 for the piece 57.
Sat Dec 12 13:33:40 EST 2020: Peer 1005 received the 'have' message from 1008 for the piece 1.
Sat Dec 12 13:33:40 EST 2020: Peer 1005 received the 'have' message from 1008 for the piece 66.
Sat Dec 12 13:33:40 EST 2020: Peer 1005 received the 'have' message from 1008 for the piece 62.
Sat Dec 12 13:33:40 EST 2020: Peer 1005 received the 'have' message from 1008 for the piece 30.
Sat Dec 12 13:33:40 EST 2020: Peer 1005 received the 'have' message from 1008 for the piece 36.
Sat Dec 12 13:33:40 EST 2020: Peer 1005 received the 'have' message from 1008 for the piece 62.
Sat Dec 12 13:33:40 EST 2020: Peer 1005 received the 'have' message from 1008 for the piece 12.
Sat Dec 12 13:33:40 EST 2020: Peer 1005 received the 'have' message from 1008 for the piece 21.
Sat Dec 12 13:33:40 EST 2020: Peer 1005 received the 'have' message from 1008 for the piece 42.
Sat Dec 12 13:33:40 EST 2020: Peer 1005 received the 'have' message from 1008 for the piece 33.
Sat Dec 12 13:33:40 EST 2020: Peer 1005 received the 'have' message from 1008 for the piece 42.
Sat Dec 12 13:33:40 EST 2020: Peer 1005 received the 'have' message from 1008 for the piece 42.
Sat Dec 12 13:33:41 EST 2020: Peer 1005 received the 'have' message from 1008 for the piece 19.
Sat Dec 12 13:33:41 EST 2020: Peer 1005 received the 'have' message from 1008 for the piece 11.
Sat Dec 12 13:33:41 EST 2020: Peer 1005 received the 'have' message from 1008 for the piece 32.
Sat Dec 12 13:33:41 EST 2020: Peer 1005 received the 'have' message from 1008 for the piece 24.
Sat Dec 12 13:33:41 EST 2020: Peer 1005 received the 'have' message from 1008 for the piece 18.
Sat Dec 12 13:33:41 EST 2020: Peer 1005 received the 'have' message from 1008 for the piece 4.
Sat Dec 12 13:33:41 EST 2020: Peer 1005 received the 'have' message from 1008 for the piece 28.
Sat Dec 12 13:33:41 EST 2020: Peer 1005 received the 'have' message from 1008 for the piece 13.
Sat Dec 12 13:33:41 EST 2020: Peer 1005 received the 'have' message from 1008 for the piece 37.
Sat Dec 12 13:33:41 EST 2020: Peer 1005 received the 'have' message from 1008 for the piece 18.
Sat Dec 12 13:33:41 EST 2020: Peer 1005 received the 'have' message from 1008 for the piece 7.
Sat Dec 12 13:33:41 EST 2020: Peer 1005 received the 'have' message from 1008 for the piece 18.
Sat Dec 12 13:33:41 EST 2020: Peer 1005 received the 'have' message from 1008 for the piece 10.
Sat Dec 12 13:33:41 EST 2020: Peer 1005 received the 'have' message from 1008 for the piece 63.
Sat Dec 12 13:33:41 EST 2020: Peer 1005 received the 'have' message from 1008 for the piece 58.
Sat Dec 12 13:33:41 EST 2020: Peer 1005 has the optimistically unchoked neighbor 1008.
Sat Dec 12 13:33:41 EST 2020: Peer 1005 received the 'have' message from 1008 for the piece 10.
Sat Dec 12 13:33:41 EST 2020: Peer 1005 received the 'have' message from 1008 for the piece 58.
Sat Dec 12 13:33:41 EST 2020: Peer 1005 received the 'have' message from 1008 for the piece 25.
Sat Dec 12 13:33:41 EST 2020: Peer 1005 received the 'have' message from 1008 for the piece 8.
Sat Dec 12 13:33:41 EST 2020: Peer 1005 received the 'have' message from 1008 for the piece 8.
Sat Dec 12 13:33:41 EST 2020: Peer 1005 received the 'have' message from 1008 for the piece 58.
Sat Dec 12 13:33:41 EST 2020: Peer 1005 received the 'have' message from 1008 for the piece 54.
Sat Dec 12 13:33:41 EST 2020: Peer 1005 received the 'have' message from 1008 for the piece 39.
Sat Dec 12 13:33:41 EST 2020: Peer 1005 received the 'have' message from 1008 for the piece 25.
Sat Dec 12 13:33:41 EST 2020: Peer 1005 received the 'have' message from 1008 for the piece 39.
Sat Dec 12 13:33:41 EST 2020: Peer 1005 received the 'have' message from 1008 for the piece 56.
Sat Dec 12 13:33:41 EST 2020: Peer 1005 received the 'have' message from 1008 for the piece 39.
Sat Dec 12 13:33:41 EST 2020: Peer 1005 received the 'have' message from 1008 for the piece 39.
Sat Dec 12 13:33:41 EST 2020: Peer 1005 received the 'have' message from 1008 for the piece 39.
Sat Dec 12 13:33:41 EST 2020: Peer 1005 received the 'have' message from 1008 for the piece 45.
Sat Dec 12 13:33:41 EST 2020: Peer 1005 received the 'have' message from 1008 for the piece 45.
Sat Dec 12 13:33:41 EST 2020: Peer 1005 received the 'have' message from 1008 for the piece 56.
Sat Dec 12 13:33:41 EST 2020: Peer 1005 received the 'have' message from 1008 for the piece 56.
Sat Dec 12 13:33:41 EST 2020: Peer 1005 received the 'have' message from 1008 for the piece 56.
Sat Dec 12 13:33:41 EST 2020: Peer 1005 received the 'have' message from 1008 for the piece 2.
Sat Dec 12 13:33:41 EST 2020: Peer 1005 received the 'have' message from 1008 for the piece 2.
Sat Dec 12 13:33:41 EST 2020: Peer 1005 received the 'have' message from 1008 for the piece 45.
Sat Dec 12 13:33:41 EST 2020: Peer 1005 received the 'have' message from 1008 for the piece 45.
Sat Dec 12 13:33:41 EST 2020: Peer 1005 received the 'have' message from 1008 for the piece 2.
Sat Dec 12 13:33:41 EST 2020: Peer 1005 received the 'have' message from 1008 for the piece 2.
Sat Dec 12 13:33:41 EST 2020: Peer 1005 received the 'have' message from 1008 for the piece 2.
Sat Dec 12 13:33:42 EST 2020: Peer 1005 has the preferred neighbors .
Sat Dec 12 13:33:43 EST 2020: Peer 1005 is connected from Peer 1009.
Sat Dec 12 13:33:43 EST 2020: Peer 1005 received the 'interested' message from 1009.
Sat Dec 12 13:33:44 EST 2020: Peer 1005 received the 'have' message from 1009 for the piece 42.
Sat Dec 12 13:33:44 EST 2020: Peer 1005 received the 'have' message from 1009 for the piece 59.
Sat Dec 12 13:33:44 EST 2020: Peer 1005 received the 'have' message from 1009 for the piece 48.
Sat Dec 12 13:33:44 EST 2020: Peer 1005 received the 'have' message from 1009 for the piece 48.
Sat Dec 12 13:33:44 EST 2020: Peer 1005 received the 'have' message from 1009 for the piece 42.
Sat Dec 12 13:33:44 EST 2020: Peer 1005 received the 'have' message from 1009 for the piece 4.
Sat Dec 12 13:33:44 EST 2020: Peer 1005 received the 'have' message from 1009 for the piece 16.
Sat Dec 12 13:33:44 EST 2020: Peer 1005 received the 'have' message from 1009 for the piece 30.
Sat Dec 12 13:33:44 EST 2020: Peer 1005 received the 'have' message from 1009 for the piece 36.
Sat Dec 12 13:33:44 EST 2020: Peer 1005 received the 'have' message from 1009 for the piece 3.
Sat Dec 12 13:33:45 EST 2020: Peer 1005 has the preferred neighbors .
Sat Dec 12 13:33:45 EST 2020: Peer 1005 received the 'have' message from 1009 for the piece 8.
Sat Dec 12 13:33:45 EST 2020: Peer 1005 received the 'have' message from 1009 for the piece 11.
Sat Dec 12 13:33:45 EST 2020: Peer 1005 received the 'have' message from 1009 for the piece 22.
Sat Dec 12 13:33:45 EST 2020: Peer 1005 received the 'have' message from 1009 for the piece 54.
Sat Dec 12 13:33:45 EST 2020: Peer 1005 received the 'have' message from 1009 for the piece 29.
Sat Dec 12 13:33:46 EST 2020: Peer 1005 received the 'have' message from 1009 for the piece 3.
Sat Dec 12 13:33:46 EST 2020: Peer 1005 has the optimistically unchoked neighbor 1009.
Sat Dec 12 13:33:46 EST 2020: Peer 1005 received the 'have' message from 1009 for the piece 50.
Sat Dec 12 13:33:46 EST 2020: Peer 1005 received the 'have' message from 1009 for the piece 23.
Sat Dec 12 13:33:47 EST 2020: Peer 1005 received the 'have' message from 1009 for the piece 43.
Sat Dec 12 13:33:47 EST 2020: Peer 1005 received the 'have' message from 1009 for the piece 14.
Sat Dec 12 13:33:47 EST 2020: Peer 1005 received the 'have' message from 1009 for the piece 15.
Sat Dec 12 13:33:47 EST 2020: Peer 1005 received the 'have' message from 1009 for the piece 37.
Sat Dec 12 13:33:47 EST 2020: Peer 1005 received the 'have' message from 1009 for the piece 44.
Sat Dec 12 13:33:47 EST 2020: Peer 1005 received the 'have' message from 1009 for the piece 51.
Sat Dec 12 13:33:48 EST 2020: Peer 1005 received the 'have' message from 1009 for the piece 33.
Sat Dec 12 13:33:48 EST 2020: Peer 1005 received the 'have' message from 1009 for the piece 61.
Sat Dec 12 13:33:48 EST 2020: Peer 1005 received the 'have' message from 1009 for the piece 32.
Sat Dec 12 13:33:48 EST 2020: Peer 1005 received the 'have' message from 1009 for the piece 31.
Sat Dec 12 13:33:48 EST 2020: Peer 1005 has the preferred neighbors .
Sat Dec 12 13:33:48 EST 2020: Peer 1005 received the 'have' message from 1009 for the piece 40.
Sat Dec 12 13:33:48 EST 2020: Peer 1005 received the 'have' message from 1009 for the piece 10.
Sat Dec 12 13:33:48 EST 2020: Peer 1005 received the 'have' message from 1009 for the piece 13.
Sat Dec 12 13:33:48 EST 2020: Peer 1005 received the 'have' message from 1009 for the piece 20.
Sat Dec 12 13:33:48 EST 2020: Peer 1005 received the 'have' message from 1009 for the piece 47.
Sat Dec 12 13:33:48 EST 2020: Peer 1005 received the 'have' message from 1009 for the piece 35.
Sat Dec 12 13:33:48 EST 2020: Peer 1005 received the 'have' message from 1009 for the piece 7.
Sat Dec 12 13:33:48 EST 2020: Peer 1005 received the 'have' message from 1009 for the piece 53.
Sat Dec 12 13:33:48 EST 2020: Peer 1005 received the 'have' message from 1009 for the piece 56.
Sat Dec 12 13:33:49 EST 2020: Peer 1005 received the 'have' message from 1009 for the piece 62.
Sat Dec 12 13:33:49 EST 2020: Peer 1005 received the 'have' message from 1009 for the piece 58.
Sat Dec 12 13:33:49 EST 2020: Peer 1005 received the 'have' message from 1009 for the piece 45.
Sat Dec 12 13:33:49 EST 2020: Peer 1005 received the 'have' message from 1009 for the piece 60.
Sat Dec 12 13:33:49 EST 2020: Peer 1005 received the 'have' message from 1009 for the piece 62.
Sat Dec 12 13:33:49 EST 2020: Peer 1005 received the 'have' message from 1009 for the piece 1.
Sat Dec 12 13:33:49 EST 2020: Peer 1005 received the 'have' message from 1009 for the piece 39.
Sat Dec 12 13:33:49 EST 2020: Peer 1005 received the 'have' message from 1009 for the piece 7.
Sat Dec 12 13:33:49 EST 2020: Peer 1005 received the 'have' message from 1009 for the piece 12.
Sat Dec 12 13:33:49 EST 2020: Peer 1005 received the 'have' message from 1009 for the piece 34.
Sat Dec 12 13:33:49 EST 2020: Peer 1005 received the 'have' message from 1009 for the piece 27.
Sat Dec 12 13:33:50 EST 2020: Peer 1005 received the 'have' message from 1009 for the piece 27.
Sat Dec 12 13:33:50 EST 2020: Peer 1005 received the 'have' message from 1009 for the piece 26.
Sat Dec 12 13:33:50 EST 2020: Peer 1005 received the 'have' message from 1009 for the piece 6.
Sat Dec 12 13:33:50 EST 2020: Peer 1005 received the 'have' message from 1009 for the piece 2.
Sat Dec 12 13:33:50 EST 2020: Peer 1005 received the 'have' message from 1009 for the piece 21.
Sat Dec 12 13:33:50 EST 2020: Peer 1005 received the 'have' message from 1009 for the piece 19.
Sat Dec 12 13:33:51 EST 2020: Peer 1005 received the 'have' message from 1009 for the piece 18.
Sat Dec 12 13:33:51 EST 2020: Peer 1005 received the 'have' message from 1009 for the piece 25.
Sat Dec 12 13:33:51 EST 2020: Peer 1005 has the optimistically unchoked neighbor 1009.
Sat Dec 12 13:33:51 EST 2020: Peer 1005 has the preferred neighbors .
Sat Dec 12 13:33:51 EST 2020: Peer 1005 received the 'have' message from 1009 for the piece 0.
Sat Dec 12 13:33:51 EST 2020: Peer 1005 received the 'have' message from 1009 for the piece 12.
Sat Dec 12 13:33:51 EST 2020: Peer 1005 received the 'have' message from 1009 for the piece 21.
Sat Dec 12 13:33:51 EST 2020: Peer 1005 received the 'have' message from 1009 for the piece 28.
Sat Dec 12 13:33:51 EST 2020: Peer 1005 received the 'have' message from 1009 for the piece 24.
Sat Dec 12 13:33:51 EST 2020: Peer 1005 received the 'have' message from 1009 for the piece 18.
Sat Dec 12 13:33:51 EST 2020: Peer 1005 received the 'have' message from 1009 for the piece 49.
Sat Dec 12 13:33:51 EST 2020: Peer 1005 received the 'have' message from 1009 for the piece 0.
Sat Dec 12 13:33:51 EST 2020: Peer 1005 received the 'have' message from 1009 for the piece 25.
Sat Dec 12 13:33:51 EST 2020: Peer 1005 received the 'have' message from 1009 for the piece 28.
Sat Dec 12 13:33:51 EST 2020: Peer 1005 received the 'have' message from 1009 for the piece 46.
Sat Dec 12 13:33:51 EST 2020: Peer 1005 received the 'have' message from 1009 for the piece 5.
Sat Dec 12 13:33:51 EST 2020: Peer 1005 received the 'have' message from 1009 for the piece 17.
Sat Dec 12 13:33:51 EST 2020: Peer 1005 received the 'have' message from 1009 for the piece 49.
Sat Dec 12 13:33:51 EST 2020: Peer 1005 received the 'have' message from 1009 for the piece 38.
Sat Dec 12 13:33:51 EST 2020: Peer 1005 received the 'have' message from 1009 for the piece 55.
Sat Dec 12 13:33:51 EST 2020: Peer 1005 received the 'have' message from 1009 for the piece 28.
Sat Dec 12 13:33:51 EST 2020: Peer 1005 received the 'have' message from 1009 for the piece 64.
Sat Dec 12 13:33:51 EST 2020: Peer 1005 received the 'have' message from 1009 for the piece 63.
Sat Dec 12 13:33:51 EST 2020: Peer 1005 received the 'have' message from 1009 for the piece 24.
Sat Dec 12 13:33:51 EST 2020: Peer 1005 received the 'have' message from 1009 for the piece 17.
Sat Dec 12 13:33:52 EST 2020: Peer 1005 received the 'have' message from 1009 for the piece 49.
Sat Dec 12 13:33:52 EST 2020: Peer 1005 received the 'have' message from 1009 for the piece 49.
Sat Dec 12 13:33:52 EST 2020: Peer 1005 received the 'have' message from 1009 for the piece 64.
Sat Dec 12 13:33:52 EST 2020: Peer 1005 received the 'have' message from 1009 for the piece 46.
Sat Dec 12 13:33:52 EST 2020: Peer 1005 received the 'have' message from 1009 for the piece 5.
Sat Dec 12 13:33:52 EST 2020: Peer 1005 received the 'have' message from 1009 for the piece 57.
Sat Dec 12 13:33:52 EST 2020: Peer 1005 received the 'have' message from 1009 for the piece 66.
Sat Dec 12 13:33:52 EST 2020: Peer 1005 received the 'have' message from 1009 for the piece 57.
Sat Dec 12 13:33:53 EST 2020: Peer 1005 received the 'have' message from 1009 for the piece 52.
Sat Dec 12 13:33:53 EST 2020: Peer 1005 received the 'have' message from 1009 for the piece 66.
Sat Dec 12 13:33:53 EST 2020: Peer 1005 received the 'have' message from 1009 for the piece 41.
Sat Dec 12 13:33:53 EST 2020: Peer 1005 received the 'have' message from 1009 for the piece 63.
Sat Dec 12 13:33:53 EST 2020: Peer 1005 received the 'have' message from 1009 for the piece 63.
Sat Dec 12 13:33:53 EST 2020: Peer 1005 received the 'have' message from 1009 for the piece 65.
Sat Dec 12 13:33:54 EST 2020: Peer 1005 received the 'have' message from 1009 for the piece 65.
Sat Dec 12 13:33:54 EST 2020: Peer 1005 received the 'have' message from 1009 for the piece 65.
Sat Dec 12 13:33:54 EST 2020: Peer 1005 received the 'have' message from 1009 for the piece 52.
Sat Dec 12 13:33:54 EST 2020: Peer 1005 received the 'have' message from 1009 for the piece 57.
Sat Dec 12 13:33:54 EST 2020: Peer 1005 received the 'have' message from 1009 for the piece 41.
Sat Dec 12 13:33:54 EST 2020: Peer 1005 received the 'have' message from 1009 for the piece 57.
Sat Dec 12 13:33:54 EST 2020: Peer 1005 received the 'have' message from 1009 for the piece 41.
Sat Dec 12 13:33:54 EST 2020: Peer 1005 received the 'have' message from 1009 for the piece 9.
