Sat Dec 12 13:33:04 EST 2020: Peer 1001 is connected from Peer 1002.
Sat Dec 12 13:33:04 EST 2020: Peer 1001 received the 'interested' message from 1002.
Sat Dec 12 13:33:05 EST 2020: Peer 1001 received the 'have' message from 1002 for the piece 65.
Sat Dec 12 13:33:05 EST 2020: Peer 1001 received the 'have' message from 1002 for the piece 0.
Sat Dec 12 13:33:05 EST 2020: Peer 1001 received the 'have' message from 1002 for the piece 20.
Sat Dec 12 13:33:05 EST 2020: Peer 1001 received the 'have' message from 1002 for the piece 35.
Sat Dec 12 13:33:06 EST 2020: Peer 1001 received the 'have' message from 1002 for the piece 31.
Sat Dec 12 13:33:06 EST 2020: Peer 1001 received the 'have' message from 1002 for the piece 5.
Sat Dec 12 13:33:06 EST 2020: Peer 1001 received the 'have' message from 1002 for the piece 9.
Sat Dec 12 13:33:06 EST 2020: Peer 1001 received the 'have' message from 1002 for the piece 57.
Sat Dec 12 13:33:06 EST 2020: Peer 1001 received the 'have' message from 1002 for the piece 17.
Sat Dec 12 13:33:06 EST 2020: Peer 1001 received the 'have' message from 1002 for the piece 59.
Sat Dec 12 13:33:06 EST 2020: Peer 1001 received the 'have' message from 1002 for the piece 13.
Sat Dec 12 13:33:06 EST 2020: Peer 1001 received the 'have' message from 1002 for the piece 47.
Sat Dec 12 13:33:06 EST 2020: Peer 1001 received the 'have' message from 1002 for the piece 46.
Sat Dec 12 13:33:06 EST 2020: Peer 1001 received the 'have' message from 1002 for the piece 24.
Sat Dec 12 13:33:06 EST 2020: Peer 1001 received the 'have' message from 1002 for the piece 44.
Sat Dec 12 13:33:06 EST 2020: Peer 1001 received the 'have' message from 1002 for the piece 7.
Sat Dec 12 13:33:06 EST 2020: Peer 1001 received the 'have' message from 1002 for the piece 26.
Sat Dec 12 13:33:06 EST 2020: Peer 1001 received the 'have' message from 1002 for the piece 16.
Sat Dec 12 13:33:06 EST 2020: Peer 1001 received the 'have' message from 1002 for the piece 4.
Sat Dec 12 13:33:06 EST 2020: Peer 1001 received the 'have' message from 1002 for the piece 22.
Sat Dec 12 13:33:06 EST 2020: Peer 1001 received the 'have' message from 1002 for the piece 15.
Sat Dec 12 13:33:06 EST 2020: Peer 1001 received the 'have' message from 1002 for the piece 56.
Sat Dec 12 13:33:06 EST 2020: Peer 1001 received the 'have' message from 1002 for the piece 1.
Sat Dec 12 13:33:06 EST 2020: Peer 1001 received the 'have' message from 1002 for the piece 30.
Sat Dec 12 13:33:06 EST 2020: Peer 1001 received the 'have' message from 1002 for the piece 36.
Sat Dec 12 13:33:06 EST 2020: Peer 1001 has the preferred neighbors .
Sat Dec 12 13:33:06 EST 2020: Peer 1001 received the 'have' message from 1002 for the piece 48.
Sat Dec 12 13:33:06 EST 2020: Peer 1001 received the 'have' message from 1002 for the piece 34.
Sat Dec 12 13:33:06 EST 2020: Peer 1001 received the 'have' message from 1002 for the piece 3.
Sat Dec 12 13:33:06 EST 2020: Peer 1001 received the 'have' message from 1002 for the piece 43.
Sat Dec 12 13:33:06 EST 2020: Peer 1001 received the 'have' message from 1002 for the piece 53.
Sat Dec 12 13:33:06 EST 2020: Peer 1001 received the 'have' message from 1002 for the piece 8.
Sat Dec 12 13:33:06 EST 2020: Peer 1001 received the 'have' message from 1002 for the piece 55.
Sat Dec 12 13:33:06 EST 2020: Peer 1001 received the 'have' message from 1002 for the piece 25.
Sat Dec 12 13:33:06 EST 2020: Peer 1001 received the 'have' message from 1002 for the piece 33.
Sat Dec 12 13:33:06 EST 2020: Peer 1001 received the 'have' message from 1002 for the piece 32.
Sat Dec 12 13:33:06 EST 2020: Peer 1001 received the 'have' message from 1002 for the piece 28.
Sat Dec 12 13:33:06 EST 2020: Peer 1001 received the 'have' message from 1002 for the piece 11.
Sat Dec 12 13:33:06 EST 2020: Peer 1001 received the 'have' message from 1002 for the piece 27.
Sat Dec 12 13:33:06 EST 2020: Peer 1001 received the 'have' message from 1002 for the piece 39.
Sat Dec 12 13:33:06 EST 2020: Peer 1001 received the 'have' message from 1002 for the piece 52.
Sat Dec 12 13:33:06 EST 2020: Peer 1001 received the 'have' message from 1002 for the piece 51.
Sat Dec 12 13:33:06 EST 2020: Peer 1001 received the 'have' message from 1002 for the piece 23.
Sat Dec 12 13:33:06 EST 2020: Peer 1001 received the 'have' message from 1002 for the piece 14.
Sat Dec 12 13:33:06 EST 2020: Peer 1001 received the 'have' message from 1002 for the piece 6.
Sat Dec 12 13:33:06 EST 2020: Peer 1001 received the 'have' message from 1002 for the piece 19.
Sat Dec 12 13:33:06 EST 2020: Peer 1001 received the 'have' message from 1002 for the piece 49.
Sat Dec 12 13:33:06 EST 2020: Peer 1001 received the 'have' message from 1002 for the piece 66.
Sat Dec 12 13:33:06 EST 2020: Peer 1001 received the 'have' message from 1002 for the piece 18.
Sat Dec 12 13:33:06 EST 2020: Peer 1001 received the 'have' message from 1002 for the piece 38.
Sat Dec 12 13:33:06 EST 2020: Peer 1001 received the 'have' message from 1002 for the piece 62.
Sat Dec 12 13:33:06 EST 2020: Peer 1001 received the 'have' message from 1002 for the piece 21.
Sat Dec 12 13:33:06 EST 2020: Peer 1001 received the 'have' message from 1002 for the piece 42.
Sat Dec 12 13:33:06 EST 2020: Peer 1001 received the 'have' message from 1002 for the piece 29.
Sat Dec 12 13:33:06 EST 2020: Peer 1001 received the 'have' message from 1002 for the piece 45.
Sat Dec 12 13:33:06 EST 2020: Peer 1001 received the 'have' message from 1002 for the piece 2.
Sat Dec 12 13:33:06 EST 2020: Peer 1001 received the 'have' message from 1002 for the piece 60.
Sat Dec 12 13:33:06 EST 2020: Peer 1001 received the 'have' message from 1002 for the piece 61.
Sat Dec 12 13:33:06 EST 2020: Peer 1001 received the 'have' message from 1002 for the piece 58.
Sat Dec 12 13:33:06 EST 2020: Peer 1001 received the 'have' message from 1002 for the piece 12.
Sat Dec 12 13:33:06 EST 2020: Peer 1001 received the 'have' message from 1002 for the piece 63.
Sat Dec 12 13:33:06 EST 2020: Peer 1001 received the 'have' message from 1002 for the piece 54.
Sat Dec 12 13:33:06 EST 2020: Peer 1001 received the 'have' message from 1002 for the piece 10.
Sat Dec 12 13:33:06 EST 2020: Peer 1001 received the 'have' message from 1002 for the piece 40.
Sat Dec 12 13:33:06 EST 2020: Peer 1001 received the 'have' message from 1002 for the piece 37.
Sat Dec 12 13:33:06 EST 2020: Peer 1001 received the 'have' message from 1002 for the piece 41.
Sat Dec 12 13:33:06 EST 2020: Peer 1001 received the 'have' message from 1002 for the piece 64.
Sat Dec 12 13:33:06 EST 2020: Peer 1001 received the 'have' message from 1002 for the piece 50.
Sat Dec 12 13:33:09 EST 2020: Peer 1001 is connected from Peer 1003.
Sat Dec 12 13:33:09 EST 2020: Peer 1001 received the 'interested' message from 1003.
Sat Dec 12 13:33:09 EST 2020: Peer 1001 has the preferred neighbors .
Sat Dec 12 13:33:09 EST 2020: Peer 1001 received the 'have' message from 1003 for the piece 18.
Sat Dec 12 13:33:09 EST 2020: Peer 1001 received the 'have' message from 1003 for the piece 57.
Sat Dec 12 13:33:10 EST 2020: Peer 1001 received the 'have' message from 1003 for the piece 50.
Sat Dec 12 13:33:10 EST 2020: Peer 1001 received the 'have' message from 1003 for the piece 56.
Sat Dec 12 13:33:10 EST 2020: Peer 1001 received the 'have' message from 1003 for the piece 60.
Sat Dec 12 13:33:10 EST 2020: Peer 1001 received the 'have' message from 1003 for the piece 53.
Sat Dec 12 13:33:10 EST 2020: Peer 1001 received the 'have' message from 1003 for the piece 45.
Sat Dec 12 13:33:10 EST 2020: Peer 1001 received the 'have' message from 1003 for the piece 27.
Sat Dec 12 13:33:11 EST 2020: Peer 1001 received the 'have' message from 1003 for the piece 66.
Sat Dec 12 13:33:11 EST 2020: Peer 1001 received the 'have' message from 1003 for the piece 44.
Sat Dec 12 13:33:11 EST 2020: Peer 1001 received the 'have' message from 1003 for the piece 15.
Sat Dec 12 13:33:11 EST 2020: Peer 1001 received the 'have' message from 1003 for the piece 38.
Sat Dec 12 13:33:12 EST 2020: Peer 1001 received the 'have' message from 1003 for the piece 22.
Sat Dec 12 13:33:12 EST 2020: Peer 1001 received the 'have' message from 1003 for the piece 58.
Sat Dec 12 13:33:12 EST 2020: Peer 1001 received the 'have' message from 1003 for the piece 51.
Sat Dec 12 13:33:12 EST 2020: Peer 1001 received the 'have' message from 1003 for the piece 40.
Sat Dec 12 13:33:12 EST 2020: Peer 1001 received the 'have' message from 1003 for the piece 34.
Sat Dec 12 13:33:12 EST 2020: Peer 1001 received the 'have' message from 1003 for the piece 24.
Sat Dec 12 13:33:12 EST 2020: Peer 1001 received the 'have' message from 1003 for the piece 42.
Sat Dec 12 13:33:12 EST 2020: Peer 1001 received the 'have' message from 1003 for the piece 61.
Sat Dec 12 13:33:12 EST 2020: Peer 1001 received the 'have' message from 1003 for the piece 29.
Sat Dec 12 13:33:12 EST 2020: Peer 1001 received the 'have' message from 1003 for the piece 36.
Sat Dec 12 13:33:12 EST 2020: Peer 1001 received the 'have' message from 1003 for the piece 54.
Sat Dec 12 13:33:12 EST 2020: Peer 1001 received the 'have' message from 1003 for the piece 55.
Sat Dec 12 13:33:12 EST 2020: Peer 1001 received the 'have' message from 1003 for the piece 10.
Sat Dec 12 13:33:12 EST 2020: Peer 1001 received the 'have' message from 1003 for the piece 7.
Sat Dec 12 13:33:12 EST 2020: Peer 1001 received the 'have' message from 1003 for the piece 12.
Sat Dec 12 13:33:12 EST 2020: Peer 1001 received the 'have' message from 1003 for the piece 4.
Sat Dec 12 13:33:12 EST 2020: Peer 1001 received the 'have' message from 1003 for the piece 6.
Sat Dec 12 13:33:12 EST 2020: Peer 1001 received the 'have' message from 1003 for the piece 33.
Sat Dec 12 13:33:12 EST 2020: Peer 1001 received the 'have' message from 1003 for the piece 65.
Sat Dec 12 13:33:12 EST 2020: Peer 1001 received the 'have' message from 1003 for the piece 46.
Sat Dec 12 13:33:12 EST 2020: Peer 1001 received the 'have' message from 1003 for the piece 30.
Sat Dec 12 13:33:12 EST 2020: Peer 1001 received the 'have' message from 1003 for the piece 39.
Sat Dec 12 13:33:12 EST 2020: Peer 1001 received the 'have' message from 1003 for the piece 63.
Sat Dec 12 13:33:12 EST 2020: Peer 1001 received the 'have' message from 1003 for the piece 19.
Sat Dec 12 13:33:12 EST 2020: Peer 1001 received the 'have' message from 1003 for the piece 11.
Sat Dec 12 13:33:12 EST 2020: Peer 1001 received the 'have' message from 1003 for the piece 11.
Sat Dec 12 13:33:12 EST 2020: Peer 1001 received the 'have' message from 1003 for the piece 25.
Sat Dec 12 13:33:12 EST 2020: Peer 1001 received the 'have' message from 1003 for the piece 23.
Sat Dec 12 13:33:12 EST 2020: Peer 1001 received the 'have' message from 1003 for the piece 62.
Sat Dec 12 13:33:12 EST 2020: Peer 1001 received the 'have' message from 1003 for the piece 32.
Sat Dec 12 13:33:12 EST 2020: Peer 1001 received the 'have' message from 1003 for the piece 59.
Sat Dec 12 13:33:12 EST 2020: Peer 1001 received the 'have' message from 1003 for the piece 41.
Sat Dec 12 13:33:12 EST 2020: Peer 1001 received the 'have' message from 1003 for the piece 31.
Sat Dec 12 13:33:12 EST 2020: Peer 1001 received the 'have' message from 1003 for the piece 0.
Sat Dec 12 13:33:12 EST 2020: Peer 1001 received the 'have' message from 1003 for the piece 2.
Sat Dec 12 13:33:12 EST 2020: Peer 1001 received the 'have' message from 1003 for the piece 16.
Sat Dec 12 13:33:12 EST 2020: Peer 1001 received the 'have' message from 1003 for the piece 49.
Sat Dec 12 13:33:12 EST 2020: Peer 1001 received the 'have' message from 1003 for the piece 52.
Sat Dec 12 13:33:12 EST 2020: Peer 1001 received the 'have' message from 1003 for the piece 35.
Sat Dec 12 13:33:12 EST 2020: Peer 1001 received the 'have' message from 1003 for the piece 28.
Sat Dec 12 13:33:12 EST 2020: Peer 1001 received the 'have' message from 1003 for the piece 3.
Sat Dec 12 13:33:12 EST 2020: Peer 1001 received the 'have' message from 1003 for the piece 14.
Sat Dec 12 13:33:12 EST 2020: Peer 1001 received the 'have' message from 1003 for the piece 9.
Sat Dec 12 13:33:12 EST 2020: Peer 1001 received the 'have' message from 1003 for the piece 48.
Sat Dec 12 13:33:12 EST 2020: Peer 1001 received the 'have' message from 1003 for the piece 21.
Sat Dec 12 13:33:12 EST 2020: Peer 1001 received the 'have' message from 1003 for the piece 17.
Sat Dec 12 13:33:12 EST 2020: Peer 1001 received the 'have' message from 1003 for the piece 1.
Sat Dec 12 13:33:12 EST 2020: Peer 1001 received the 'have' message from 1003 for the piece 13.
Sat Dec 12 13:33:12 EST 2020: Peer 1001 received the 'have' message from 1003 for the piece 13.
Sat Dec 12 13:33:12 EST 2020: Peer 1001 received the 'have' message from 1003 for the piece 20.
Sat Dec 12 13:33:12 EST 2020: Peer 1001 received the 'have' message from 1003 for the piece 5.
Sat Dec 12 13:33:12 EST 2020: Peer 1001 received the 'have' message from 1003 for the piece 37.
Sat Dec 12 13:33:12 EST 2020: Peer 1001 received the 'have' message from 1003 for the piece 64.
Sat Dec 12 13:33:12 EST 2020: Peer 1001 received the 'have' message from 1003 for the piece 26.
Sat Dec 12 13:33:12 EST 2020: Peer 1001 received the 'have' message from 1003 for the piece 26.
Sat Dec 12 13:33:12 EST 2020: Peer 1001 received the 'have' message from 1003 for the piece 8.
Sat Dec 12 13:33:12 EST 2020: Peer 1001 received the 'have' message from 1003 for the piece 43.
Sat Dec 12 13:33:12 EST 2020: Peer 1001 received the 'have' message from 1003 for the piece 47.
Sat Dec 12 13:33:12 EST 2020: Peer 1001 received the 'have' message from 1003 for the piece 47.
Sat Dec 12 13:33:15 EST 2020: Peer 1001 is connected from Peer 1004.
Sat Dec 12 13:33:15 EST 2020: Peer 1001 received the 'interested' message from 1004.
Sat Dec 12 13:33:15 EST 2020: Peer 1001 received the 'have' message from 1004 for the piece 32.
Sat Dec 12 13:33:15 EST 2020: Peer 1001 received the 'have' message from 1004 for the piece 50.
Sat Dec 12 13:33:15 EST 2020: Peer 1001 received the 'have' message from 1004 for the piece 4.
Sat Dec 12 13:33:15 EST 2020: Peer 1001 received the 'have' message from 1004 for the piece 64.
Sat Dec 12 13:33:15 EST 2020: Peer 1001 has the preferred neighbors .
Sat Dec 12 13:33:15 EST 2020: Peer 1001 received the 'have' message from 1004 for the piece 21.
Sat Dec 12 13:33:15 EST 2020: Peer 1001 received the 'have' message from 1004 for the piece 8.
Sat Dec 12 13:33:15 EST 2020: Peer 1001 received the 'have' message from 1004 for the piece 17.
Sat Dec 12 13:33:15 EST 2020: Peer 1001 received the 'have' message from 1004 for the piece 42.
Sat Dec 12 13:33:16 EST 2020: Peer 1001 received the 'have' message from 1004 for the piece 65.
Sat Dec 12 13:33:16 EST 2020: Peer 1001 received the 'have' message from 1004 for the piece 63.
Sat Dec 12 13:33:16 EST 2020: Peer 1001 received the 'have' message from 1004 for the piece 54.
Sat Dec 12 13:33:16 EST 2020: Peer 1001 received the 'have' message from 1004 for the piece 29.
Sat Dec 12 13:33:16 EST 2020: Peer 1001 received the 'have' message from 1004 for the piece 27.
Sat Dec 12 13:33:16 EST 2020: Peer 1001 received the 'have' message from 1004 for the piece 5.
Sat Dec 12 13:33:17 EST 2020: Peer 1001 received the 'have' message from 1004 for the piece 9.
Sat Dec 12 13:33:17 EST 2020: Peer 1001 received the 'have' message from 1004 for the piece 33.
Sat Dec 12 13:33:17 EST 2020: Peer 1001 received the 'have' message from 1004 for the piece 26.
Sat Dec 12 13:33:17 EST 2020: Peer 1001 has the optimistically unchoked neighbor 1004.
Sat Dec 12 13:33:17 EST 2020: Peer 1001 received the 'have' message from 1004 for the piece 62.
Sat Dec 12 13:33:17 EST 2020: Peer 1001 received the 'have' message from 1004 for the piece 62.
Sat Dec 12 13:33:17 EST 2020: Peer 1001 received the 'have' message from 1004 for the piece 28.
Sat Dec 12 13:33:17 EST 2020: Peer 1001 received the 'have' message from 1004 for the piece 30.
Sat Dec 12 13:33:17 EST 2020: Peer 1001 received the 'have' message from 1004 for the piece 31.
Sat Dec 12 13:33:17 EST 2020: Peer 1001 received the 'have' message from 1004 for the piece 14.
Sat Dec 12 13:33:17 EST 2020: Peer 1001 received the 'have' message from 1004 for the piece 31.
Sat Dec 12 13:33:17 EST 2020: Peer 1001 received the 'have' message from 1004 for the piece 10.
Sat Dec 12 13:33:17 EST 2020: Peer 1001 received the 'have' message from 1004 for the piece 13.
Sat Dec 12 13:33:17 EST 2020: Peer 1001 received the 'have' message from 1004 for the piece 3.
Sat Dec 12 13:33:17 EST 2020: Peer 1001 received the 'have' message from 1004 for the piece 12.
Sat Dec 12 13:33:17 EST 2020: Peer 1001 received the 'have' message from 1004 for the piece 60.
Sat Dec 12 13:33:17 EST 2020: Peer 1001 received the 'have' message from 1004 for the piece 12.
Sat Dec 12 13:33:17 EST 2020: Peer 1001 received the 'have' message from 1004 for the piece 53.
Sat Dec 12 13:33:18 EST 2020: Peer 1001 received the 'have' message from 1004 for the piece 46.
Sat Dec 12 13:33:18 EST 2020: Peer 1001 received the 'have' message from 1004 for the piece 6.
Sat Dec 12 13:33:18 EST 2020: Peer 1001 received the 'have' message from 1004 for the piece 59.
Sat Dec 12 13:33:18 EST 2020: Peer 1001 received the 'have' message from 1004 for the piece 16.
Sat Dec 12 13:33:18 EST 2020: Peer 1001 received the 'have' message from 1004 for the piece 34.
Sat Dec 12 13:33:18 EST 2020: Peer 1001 received the 'have' message from 1004 for the piece 19.
Sat Dec 12 13:33:18 EST 2020: Peer 1001 received the 'have' message from 1004 for the piece 19.
Sat Dec 12 13:33:18 EST 2020: Peer 1001 received the 'have' message from 1004 for the piece 38.
Sat Dec 12 13:33:18 EST 2020: Peer 1001 received the 'have' message from 1004 for the piece 52.
Sat Dec 12 13:33:18 EST 2020: Peer 1001 received the 'have' message from 1004 for the piece 18.
Sat Dec 12 13:33:18 EST 2020: Peer 1001 received the 'have' message from 1004 for the piece 0.
Sat Dec 12 13:33:18 EST 2020: Peer 1001 received the 'have' message from 1004 for the piece 41.
Sat Dec 12 13:33:18 EST 2020: Peer 1001 received the 'have' message from 1004 for the piece 44.
Sat Dec 12 13:33:18 EST 2020: Peer 1001 received the 'have' message from 1004 for the piece 48.
Sat Dec 12 13:33:18 EST 2020: Peer 1001 received the 'have' message from 1004 for the piece 56.
Sat Dec 12 13:33:18 EST 2020: Peer 1001 received the 'have' message from 1004 for the piece 15.
Sat Dec 12 13:33:18 EST 2020: Peer 1001 received the 'have' message from 1004 for the piece 57.
Sat Dec 12 13:33:18 EST 2020: Peer 1001 received the 'have' message from 1004 for the piece 49.
Sat Dec 12 13:33:18 EST 2020: Peer 1001 received the 'have' message from 1004 for the piece 58.
Sat Dec 12 13:33:18 EST 2020: Peer 1001 received the 'have' message from 1004 for the piece 11.
Sat Dec 12 13:33:18 EST 2020: Peer 1001 received the 'have' message from 1004 for the piece 61.
Sat Dec 12 13:33:18 EST 2020: Peer 1001 received the 'have' message from 1004 for the piece 47.
Sat Dec 12 13:33:18 EST 2020: Peer 1001 received the 'have' message from 1004 for the piece 43.
Sat Dec 12 13:33:18 EST 2020: Peer 1001 received the 'have' message from 1004 for the piece 35.
Sat Dec 12 13:33:18 EST 2020: Peer 1001 received the 'have' message from 1004 for the piece 22.
Sat Dec 12 13:33:18 EST 2020: Peer 1001 received the 'have' message from 1004 for the piece 25.
Sat Dec 12 13:33:18 EST 2020: Peer 1001 received the 'have' message from 1004 for the piece 2.
Sat Dec 12 13:33:18 EST 2020: Peer 1001 received the 'have' message from 1004 for the piece 55.
Sat Dec 12 13:33:18 EST 2020: Peer 1001 received the 'have' message from 1004 for the piece 39.
Sat Dec 12 13:33:18 EST 2020: Peer 1001 received the 'have' message from 1004 for the piece 55.
Sat Dec 12 13:33:18 EST 2020: Peer 1001 received the 'have' message from 1004 for the piece 37.
Sat Dec 12 13:33:18 EST 2020: Peer 1001 received the 'have' message from 1004 for the piece 1.
Sat Dec 12 13:33:18 EST 2020: Peer 1001 received the 'have' message from 1004 for the piece 36.
Sat Dec 12 13:33:18 EST 2020: Peer 1001 received the 'have' message from 1004 for the piece 1.
Sat Dec 12 13:33:18 EST 2020: Peer 1001 received the 'have' message from 1004 for the piece 51.
Sat Dec 12 13:33:18 EST 2020: Peer 1001 received the 'have' message from 1004 for the piece 24.
Sat Dec 12 13:33:18 EST 2020: Peer 1001 received the 'have' message from 1004 for the piece 7.
Sat Dec 12 13:33:18 EST 2020: Peer 1001 received the 'have' message from 1004 for the piece 24.
Sat Dec 12 13:33:18 EST 2020: Peer 1001 received the 'have' message from 1004 for the piece 23.
Sat Dec 12 13:33:18 EST 2020: Peer 1001 received the 'have' message from 1004 for the piece 40.
Sat Dec 12 13:33:18 EST 2020: Peer 1001 received the 'have' message from 1004 for the piece 66.
Sat Dec 12 13:33:18 EST 2020: Peer 1001 received the 'have' message from 1004 for the piece 45.
Sat Dec 12 13:33:18 EST 2020: Peer 1001 received the 'have' message from 1004 for the piece 20.
Sat Dec 12 13:33:18 EST 2020: Peer 1001 received the 'have' message from 1004 for the piece 20.
Sat Dec 12 13:33:18 EST 2020: Peer 1001 received the 'have' message from 1004 for the piece 20.
Sat Dec 12 13:33:18 EST 2020: Peer 1001 has the preferred neighbors .
Sat Dec 12 13:33:21 EST 2020: Peer 1001 is connected from Peer 1005.
Sat Dec 12 13:33:21 EST 2020: Peer 1001 received the 'interested' message from 1005.
Sat Dec 12 13:33:21 EST 2020: Peer 1001 has the preferred neighbors .
Sat Dec 12 13:33:21 EST 2020: Peer 1001 received the 'have' message from 1005 for the piece 3.
Sat Dec 12 13:33:21 EST 2020: Peer 1001 received the 'have' message from 1005 for the piece 58.
Sat Dec 12 13:33:22 EST 2020: Peer 1001 received the 'have' message from 1005 for the piece 15.
Sat Dec 12 13:33:22 EST 2020: Peer 1001 received the 'have' message from 1005 for the piece 19.
Sat Dec 12 13:33:22 EST 2020: Peer 1001 received the 'have' message from 1005 for the piece 49.
Sat Dec 12 13:33:22 EST 2020: Peer 1001 has the optimistically unchoked neighbor 1005.
Sat Dec 12 13:33:22 EST 2020: Peer 1001 received the 'have' message from 1005 for the piece 55.
Sat Dec 12 13:33:22 EST 2020: Peer 1001 received the 'have' message from 1005 for the piece 49.
Sat Dec 12 13:33:23 EST 2020: Peer 1001 received the 'have' message from 1005 for the piece 32.
Sat Dec 12 13:33:23 EST 2020: Peer 1001 received the 'have' message from 1005 for the piece 4.
Sat Dec 12 13:33:23 EST 2020: Peer 1001 received the 'have' message from 1005 for the piece 50.
Sat Dec 12 13:33:23 EST 2020: Peer 1001 received the 'have' message from 1005 for the piece 6.
Sat Dec 12 13:33:24 EST 2020: Peer 1001 received the 'have' message from 1005 for the piece 13.
Sat Dec 12 13:33:24 EST 2020: Peer 1001 received the 'have' message from 1005 for the piece 8.
Sat Dec 12 13:33:24 EST 2020: Peer 1001 received the 'have' message from 1005 for the piece 1.
Sat Dec 12 13:33:24 EST 2020: Peer 1001 received the 'have' message from 1005 for the piece 8.
Sat Dec 12 13:33:24 EST 2020: Peer 1001 received the 'have' message from 1005 for the piece 52.
Sat Dec 12 13:33:24 EST 2020: Peer 1001 received the 'have' message from 1005 for the piece 0.
Sat Dec 12 13:33:24 EST 2020: Peer 1001 received the 'have' message from 1005 for the piece 20.
Sat Dec 12 13:33:24 EST 2020: Peer 1001 received the 'have' message from 1005 for the piece 46.
Sat Dec 12 13:33:24 EST 2020: Peer 1001 received the 'have' message from 1005 for the piece 46.
Sat Dec 12 13:33:24 EST 2020: Peer 1001 received the 'have' message from 1005 for the piece 39.
Sat Dec 12 13:33:24 EST 2020: Peer 1001 received the 'have' message from 1005 for the piece 36.
Sat Dec 12 13:33:24 EST 2020: Peer 1001 received the 'have' message from 1005 for the piece 21.
Sat Dec 12 13:33:24 EST 2020: Peer 1001 received the 'have' message from 1005 for the piece 39.
Sat Dec 12 13:33:24 EST 2020: Peer 1001 received the 'have' message from 1005 for the piece 60.
Sat Dec 12 13:33:24 EST 2020: Peer 1001 received the 'have' message from 1005 for the piece 47.
Sat Dec 12 13:33:24 EST 2020: Peer 1001 received the 'have' message from 1005 for the piece 48.
Sat Dec 12 13:33:24 EST 2020: Peer 1001 received the 'have' message from 1005 for the piece 28.
Sat Dec 12 13:33:24 EST 2020: Peer 1001 received the 'have' message from 1005 for the piece 14.
Sat Dec 12 13:33:24 EST 2020: Peer 1001 received the 'have' message from 1005 for the piece 14.
Sat Dec 12 13:33:24 EST 2020: Peer 1001 received the 'have' message from 1005 for the piece 16.
Sat Dec 12 13:33:24 EST 2020: Peer 1001 received the 'have' message from 1005 for the piece 41.
Sat Dec 12 13:33:24 EST 2020: Peer 1001 received the 'have' message from 1005 for the piece 22.
Sat Dec 12 13:33:24 EST 2020: Peer 1001 received the 'have' message from 1005 for the piece 18.
Sat Dec 12 13:33:24 EST 2020: Peer 1001 received the 'have' message from 1005 for the piece 40.
Sat Dec 12 13:33:24 EST 2020: Peer 1001 received the 'have' message from 1005 for the piece 29.
Sat Dec 12 13:33:24 EST 2020: Peer 1001 received the 'have' message from 1005 for the piece 11.
Sat Dec 12 13:33:24 EST 2020: Peer 1001 received the 'have' message from 1005 for the piece 61.
Sat Dec 12 13:33:24 EST 2020: Peer 1001 received the 'have' message from 1005 for the piece 5.
Sat Dec 12 13:33:24 EST 2020: Peer 1001 received the 'have' message from 1005 for the piece 37.
Sat Dec 12 13:33:24 EST 2020: Peer 1001 received the 'have' message from 1005 for the piece 7.
Sat Dec 12 13:33:24 EST 2020: Peer 1001 received the 'have' message from 1005 for the piece 34.
Sat Dec 12 13:33:24 EST 2020: Peer 1001 received the 'have' message from 1005 for the piece 33.
Sat Dec 12 13:33:24 EST 2020: Peer 1001 received the 'have' message from 1005 for the piece 34.
Sat Dec 12 13:33:24 EST 2020: Peer 1001 received the 'have' message from 1005 for the piece 59.
Sat Dec 12 13:33:24 EST 2020: Peer 1001 received the 'have' message from 1005 for the piece 42.
Sat Dec 12 13:33:24 EST 2020: Peer 1001 received the 'have' message from 1005 for the piece 12.
Sat Dec 12 13:33:24 EST 2020: Peer 1001 received the 'have' message from 1005 for the piece 38.
Sat Dec 12 13:33:24 EST 2020: Peer 1001 received the 'have' message from 1005 for the piece 27.
Sat Dec 12 13:33:24 EST 2020: Peer 1001 received the 'have' message from 1005 for the piece 24.
Sat Dec 12 13:33:24 EST 2020: Peer 1001 received the 'have' message from 1005 for the piece 31.
Sat Dec 12 13:33:24 EST 2020: Peer 1001 received the 'have' message from 1005 for the piece 12.
Sat Dec 12 13:33:24 EST 2020: Peer 1001 received the 'have' message from 1005 for the piece 63.
Sat Dec 12 13:33:24 EST 2020: Peer 1001 received the 'have' message from 1005 for the piece 44.
Sat Dec 12 13:33:24 EST 2020: Peer 1001 received the 'have' message from 1005 for the piece 53.
Sat Dec 12 13:33:24 EST 2020: Peer 1001 received the 'have' message from 1005 for the piece 23.
Sat Dec 12 13:33:24 EST 2020: Peer 1001 has the preferred neighbors .
Sat Dec 12 13:33:24 EST 2020: Peer 1001 received the 'have' message from 1005 for the piece 53.
Sat Dec 12 13:33:24 EST 2020: Peer 1001 received the 'have' message from 1005 for the piece 9.
Sat Dec 12 13:33:24 EST 2020: Peer 1001 received the 'have' message from 1005 for the piece 10.
Sat Dec 12 13:33:24 EST 2020: Peer 1001 received the 'have' message from 1005 for the piece 2.
Sat Dec 12 13:33:24 EST 2020: Peer 1001 received the 'have' message from 1005 for the piece 17.
Sat Dec 12 13:33:24 EST 2020: Peer 1001 received the 'have' message from 1005 for the piece 45.
Sat Dec 12 13:33:24 EST 2020: Peer 1001 received the 'have' message from 1005 for the piece 62.
Sat Dec 12 13:33:24 EST 2020: Peer 1001 received the 'have' message from 1005 for the piece 56.
Sat Dec 12 13:33:24 EST 2020: Peer 1001 received the 'have' message from 1005 for the piece 45.
Sat Dec 12 13:33:24 EST 2020: Peer 1001 received the 'have' message from 1005 for the piece 56.
Sat Dec 12 13:33:24 EST 2020: Peer 1001 received the 'have' message from 1005 for the piece 64.
Sat Dec 12 13:33:24 EST 2020: Peer 1001 received the 'have' message from 1005 for the piece 65.
Sat Dec 12 13:33:24 EST 2020: Peer 1001 received the 'have' message from 1005 for the piece 25.
Sat Dec 12 13:33:24 EST 2020: Peer 1001 received the 'have' message from 1005 for the piece 65.
Sat Dec 12 13:33:24 EST 2020: Peer 1001 received the 'have' message from 1005 for the piece 30.
Sat Dec 12 13:33:24 EST 2020: Peer 1001 received the 'have' message from 1005 for the piece 35.
Sat Dec 12 13:33:24 EST 2020: Peer 1001 received the 'have' message from 1005 for the piece 51.
Sat Dec 12 13:33:24 EST 2020: Peer 1001 received the 'have' message from 1005 for the piece 57.
Sat Dec 12 13:33:24 EST 2020: Peer 1001 received the 'have' message from 1005 for the piece 51.
Sat Dec 12 13:33:24 EST 2020: Peer 1001 received the 'have' message from 1005 for the piece 35.
Sat Dec 12 13:33:24 EST 2020: Peer 1001 received the 'have' message from 1005 for the piece 35.
Sat Dec 12 13:33:24 EST 2020: Peer 1001 received the 'have' message from 1005 for the piece 43.
Sat Dec 12 13:33:24 EST 2020: Peer 1001 received the 'have' message from 1005 for the piece 26.
Sat Dec 12 13:33:24 EST 2020: Peer 1001 received the 'have' message from 1005 for the piece 54.
Sat Dec 12 13:33:24 EST 2020: Peer 1001 received the 'have' message from 1005 for the piece 66.
Sat Dec 12 13:33:24 EST 2020: Peer 1001 received the 'have' message from 1005 for the piece 43.
Sat Dec 12 13:33:24 EST 2020: Peer 1001 received the 'have' message from 1005 for the piece 43.
Sat Dec 12 13:33:24 EST 2020: Peer 1001 received the 'have' message from 1005 for the piece 66.
Sat Dec 12 13:33:28 EST 2020: Peer 1001 is connected from Peer 1006.
Sat Dec 12 13:33:28 EST 2020: Peer 1001 received the 'not interested' message from 1006.
Sat Dec 12 13:33:32 EST 2020: Peer 1001 is connected from Peer 1007.
Sat Dec 12 13:33:32 EST 2020: Peer 1001 received the 'interested' message from 1007.
Sat Dec 12 13:33:33 EST 2020: Peer 1001 received the 'have' message from 1007 for the piece 13.
Sat Dec 12 13:33:33 EST 2020: Peer 1001 received the 'have' message from 1007 for the piece 8.
Sat Dec 12 13:33:33 EST 2020: Peer 1001 received the 'have' message from 1007 for the piece 7.
Sat Dec 12 13:33:33 EST 2020: Peer 1001 received the 'have' message from 1007 for the piece 52.
Sat Dec 12 13:33:33 EST 2020: Peer 1001 received the 'have' message from 1007 for the piece 21.
Sat Dec 12 13:33:33 EST 2020: Peer 1001 has the preferred neighbors .
Sat Dec 12 13:33:33 EST 2020: Peer 1001 received the 'have' message from 1007 for the piece 50.
Sat Dec 12 13:33:33 EST 2020: Peer 1001 received the 'have' message from 1007 for the piece 20.
Sat Dec 12 13:33:34 EST 2020: Peer 1001 received the 'have' message from 1007 for the piece 6.
Sat Dec 12 13:33:34 EST 2020: Peer 1001 received the 'have' message from 1007 for the piece 30.
Sat Dec 12 13:33:34 EST 2020: Peer 1001 received the 'have' message from 1007 for the piece 32.
Sat Dec 12 13:33:35 EST 2020: Peer 1001 received the 'have' message from 1007 for the piece 35.
Sat Dec 12 13:33:35 EST 2020: Peer 1001 received the 'have' message from 1007 for the piece 12.
Sat Dec 12 13:33:35 EST 2020: Peer 1001 received the 'have' message from 1007 for the piece 42.
Sat Dec 12 13:33:35 EST 2020: Peer 1001 received the 'have' message from 1007 for the piece 48.
Sat Dec 12 13:33:35 EST 2020: Peer 1001 received the 'have' message from 1007 for the piece 29.
Sat Dec 12 13:33:35 EST 2020: Peer 1001 received the 'have' message from 1007 for the piece 25.
Sat Dec 12 13:33:35 EST 2020: Peer 1001 received the 'have' message from 1007 for the piece 58.
Sat Dec 12 13:33:35 EST 2020: Peer 1001 received the 'have' message from 1007 for the piece 27.
Sat Dec 12 13:33:35 EST 2020: Peer 1001 received the 'have' message from 1007 for the piece 64.
Sat Dec 12 13:33:35 EST 2020: Peer 1001 received the 'have' message from 1007 for the piece 5.
Sat Dec 12 13:33:35 EST 2020: Peer 1001 received the 'have' message from 1007 for the piece 40.
Sat Dec 12 13:33:35 EST 2020: Peer 1001 received the 'have' message from 1007 for the piece 17.
Sat Dec 12 13:33:35 EST 2020: Peer 1001 received the 'have' message from 1007 for the piece 17.
Sat Dec 12 13:33:35 EST 2020: Peer 1001 received the 'have' message from 1007 for the piece 14.
Sat Dec 12 13:33:35 EST 2020: Peer 1001 received the 'have' message from 1007 for the piece 39.
Sat Dec 12 13:33:35 EST 2020: Peer 1001 received the 'have' message from 1007 for the piece 31.
Sat Dec 12 13:33:35 EST 2020: Peer 1001 received the 'have' message from 1007 for the piece 46.
Sat Dec 12 13:33:35 EST 2020: Peer 1001 received the 'have' message from 1007 for the piece 24.
Sat Dec 12 13:33:35 EST 2020: Peer 1001 received the 'have' message from 1007 for the piece 28.
Sat Dec 12 13:33:35 EST 2020: Peer 1001 received the 'have' message from 1007 for the piece 49.
Sat Dec 12 13:33:35 EST 2020: Peer 1001 received the 'have' message from 1007 for the piece 36.
Sat Dec 12 13:33:35 EST 2020: Peer 1001 received the 'have' message from 1007 for the piece 9.
Sat Dec 12 13:33:35 EST 2020: Peer 1001 received the 'have' message from 1007 for the piece 15.
Sat Dec 12 13:33:35 EST 2020: Peer 1001 received the 'have' message from 1007 for the piece 62.
Sat Dec 12 13:33:35 EST 2020: Peer 1001 received the 'have' message from 1007 for the piece 44.
Sat Dec 12 13:33:35 EST 2020: Peer 1001 received the 'have' message from 1007 for the piece 57.
Sat Dec 12 13:33:35 EST 2020: Peer 1001 received the 'have' message from 1007 for the piece 11.
Sat Dec 12 13:33:35 EST 2020: Peer 1001 received the 'have' message from 1007 for the piece 44.
Sat Dec 12 13:33:35 EST 2020: Peer 1001 received the 'have' message from 1007 for the piece 62.
Sat Dec 12 13:33:35 EST 2020: Peer 1001 received the 'have' message from 1007 for the piece 41.
Sat Dec 12 13:33:35 EST 2020: Peer 1001 received the 'have' message from 1007 for the piece 0.
Sat Dec 12 13:33:35 EST 2020: Peer 1001 received the 'have' message from 1007 for the piece 37.
Sat Dec 12 13:33:35 EST 2020: Peer 1001 received the 'have' message from 1007 for the piece 41.
Sat Dec 12 13:33:35 EST 2020: Peer 1001 received the 'have' message from 1007 for the piece 54.
Sat Dec 12 13:33:35 EST 2020: Peer 1001 received the 'have' message from 1007 for the piece 33.
Sat Dec 12 13:33:35 EST 2020: Peer 1001 received the 'have' message from 1007 for the piece 59.
Sat Dec 12 13:33:35 EST 2020: Peer 1001 received the 'have' message from 1007 for the piece 18.
Sat Dec 12 13:33:35 EST 2020: Peer 1001 received the 'have' message from 1007 for the piece 43.
Sat Dec 12 13:33:35 EST 2020: Peer 1001 received the 'have' message from 1007 for the piece 66.
Sat Dec 12 13:33:35 EST 2020: Peer 1001 received the 'have' message from 1007 for the piece 16.
Sat Dec 12 13:33:35 EST 2020: Peer 1001 received the 'have' message from 1007 for the piece 2.
Sat Dec 12 13:33:35 EST 2020: Peer 1001 received the 'have' message from 1007 for the piece 10.
Sat Dec 12 13:33:35 EST 2020: Peer 1001 received the 'have' message from 1007 for the piece 3.
Sat Dec 12 13:33:35 EST 2020: Peer 1001 received the 'have' message from 1007 for the piece 59.
Sat Dec 12 13:33:35 EST 2020: Peer 1001 received the 'have' message from 1007 for the piece 19.
Sat Dec 12 13:33:35 EST 2020: Peer 1001 received the 'have' message from 1007 for the piece 51.
Sat Dec 12 13:33:35 EST 2020: Peer 1001 received the 'have' message from 1007 for the piece 26.
Sat Dec 12 13:33:35 EST 2020: Peer 1001 received the 'have' message from 1007 for the piece 23.
Sat Dec 12 13:33:35 EST 2020: Peer 1001 received the 'have' message from 1007 for the piece 2.
Sat Dec 12 13:33:35 EST 2020: Peer 1001 received the 'have' message from 1007 for the piece 22.
Sat Dec 12 13:33:35 EST 2020: Peer 1001 received the 'have' message from 1007 for the piece 26.
Sat Dec 12 13:33:36 EST 2020: Peer 1001 received the 'have' message from 1007 for the piece 26.
Sat Dec 12 13:33:36 EST 2020: Peer 1001 received the 'have' message from 1007 for the piece 45.
Sat Dec 12 13:33:36 EST 2020: Peer 1001 received the 'have' message from 1007 for the piece 63.
Sat Dec 12 13:33:36 EST 2020: Peer 1001 received the 'have' message from 1007 for the piece 55.
Sat Dec 12 13:33:36 EST 2020: Peer 1001 received the 'have' message from 1007 for the piece 22.
Sat Dec 12 13:33:36 EST 2020: Peer 1001 received the 'have' message from 1007 for the piece 61.
Sat Dec 12 13:33:36 EST 2020: Peer 1001 received the 'have' message from 1007 for the piece 1.
Sat Dec 12 13:33:36 EST 2020: Peer 1001 received the 'have' message from 1007 for the piece 65.
Sat Dec 12 13:33:36 EST 2020: Peer 1001 received the 'have' message from 1007 for the piece 63.
Sat Dec 12 13:33:36 EST 2020: Peer 1001 received the 'have' message from 1007 for the piece 47.
Sat Dec 12 13:33:36 EST 2020: Peer 1001 received the 'have' message from 1007 for the piece 47.
Sat Dec 12 13:33:36 EST 2020: Peer 1001 received the 'have' message from 1007 for the piece 53.
Sat Dec 12 13:33:36 EST 2020: Peer 1001 received the 'have' message from 1007 for the piece 53.
Sat Dec 12 13:33:36 EST 2020: Peer 1001 received the 'have' message from 1007 for the piece 34.
Sat Dec 12 13:33:36 EST 2020: Peer 1001 received the 'have' message from 1007 for the piece 47.
Sat Dec 12 13:33:36 EST 2020: Peer 1001 received the 'have' message from 1007 for the piece 65.
Sat Dec 12 13:33:36 EST 2020: Peer 1001 received the 'have' message from 1007 for the piece 4.
Sat Dec 12 13:33:36 EST 2020: Peer 1001 received the 'have' message from 1007 for the piece 53.
Sat Dec 12 13:33:36 EST 2020: Peer 1001 received the 'have' message from 1007 for the piece 34.
Sat Dec 12 13:33:36 EST 2020: Peer 1001 received the 'have' message from 1007 for the piece 56.
Sat Dec 12 13:33:36 EST 2020: Peer 1001 received the 'have' message from 1007 for the piece 60.
Sat Dec 12 13:33:36 EST 2020: Peer 1001 received the 'have' message from 1007 for the piece 56.
Sat Dec 12 13:33:36 EST 2020: Peer 1001 received the 'have' message from 1007 for the piece 56.
Sat Dec 12 13:33:36 EST 2020: Peer 1001 received the 'have' message from 1007 for the piece 60.
Sat Dec 12 13:33:36 EST 2020: Peer 1001 received the 'have' message from 1007 for the piece 60.
Sat Dec 12 13:33:36 EST 2020: Peer 1001 received the 'have' message from 1007 for the piece 56.
Sat Dec 12 13:33:36 EST 2020: Peer 1001 received the 'have' message from 1007 for the piece 60.
Sat Dec 12 13:33:36 EST 2020: Peer 1001 received the 'have' message from 1007 for the piece 56.
Sat Dec 12 13:33:36 EST 2020: Peer 1001 received the 'have' message from 1007 for the piece 38.
Sat Dec 12 13:33:36 EST 2020: Peer 1001 received the 'have' message from 1007 for the piece 38.
Sat Dec 12 13:33:36 EST 2020: Peer 1001 received the 'have' message from 1007 for the piece 38.
Sat Dec 12 13:33:36 EST 2020: Peer 1001 received the 'have' message from 1007 for the piece 38.
Sat Dec 12 13:33:36 EST 2020: Peer 1001 received the 'have' message from 1007 for the piece 38.
Sat Dec 12 13:33:36 EST 2020: Peer 1001 received the 'have' message from 1007 for the piece 38.
Sat Dec 12 13:33:37 EST 2020: Peer 1001 is connected from Peer 1008.
Sat Dec 12 13:33:37 EST 2020: Peer 1001 received the 'interested' message from 1008.
Sat Dec 12 13:33:38 EST 2020: Peer 1001 received the 'have' message from 1008 for the piece 29.
Sat Dec 12 13:33:38 EST 2020: Peer 1001 received the 'have' message from 1008 for the piece 22.
Sat Dec 12 13:33:38 EST 2020: Peer 1001 received the 'have' message from 1008 for the piece 31.
Sat Dec 12 13:33:38 EST 2020: Peer 1001 received the 'have' message from 1008 for the piece 34.
Sat Dec 12 13:33:38 EST 2020: Peer 1001 received the 'have' message from 1008 for the piece 22.
Sat Dec 12 13:33:38 EST 2020: Peer 1001 received the 'have' message from 1008 for the piece 17.
Sat Dec 12 13:33:39 EST 2020: Peer 1001 received the 'have' message from 1008 for the piece 65.
Sat Dec 12 13:33:39 EST 2020: Peer 1001 received the 'have' message from 1008 for the piece 61.
Sat Dec 12 13:33:39 EST 2020: Peer 1001 has the preferred neighbors .
Sat Dec 12 13:33:40 EST 2020: Peer 1001 received the 'have' message from 1008 for the piece 49.
Sat Dec 12 13:33:40 EST 2020: Peer 1001 received the 'have' message from 1008 for the piece 48.
Sat Dec 12 13:33:40 EST 2020: Peer 1001 received the 'have' message from 1008 for the piece 44.
Sat Dec 12 13:33:40 EST 2020: Peer 1001 received the 'have' message from 1008 for the piece 50.
Sat Dec 12 13:33:40 EST 2020: Peer 1001 received the 'have' message from 1008 for the piece 50.
Sat Dec 12 13:33:40 EST 2020: Peer 1001 received the 'have' message from 1008 for the piece 14.
Sat Dec 12 13:33:40 EST 2020: Peer 1001 received the 'have' message from 1008 for the piece 23.
Sat Dec 12 13:33:40 EST 2020: Peer 1001 received the 'have' message from 1008 for the piece 9.
Sat Dec 12 13:33:40 EST 2020: Peer 1001 received the 'have' message from 1008 for the piece 15.
Sat Dec 12 13:33:40 EST 2020: Peer 1001 received the 'have' message from 1008 for the piece 27.
Sat Dec 12 13:33:40 EST 2020: Peer 1001 received the 'have' message from 1008 for the piece 6.
Sat Dec 12 13:33:40 EST 2020: Peer 1001 received the 'have' message from 1008 for the piece 52.
Sat Dec 12 13:33:40 EST 2020: Peer 1001 received the 'have' message from 1008 for the piece 40.
Sat Dec 12 13:33:40 EST 2020: Peer 1001 received the 'have' message from 1008 for the piece 51.
Sat Dec 12 13:33:40 EST 2020: Peer 1001 received the 'have' message from 1008 for the piece 16.
Sat Dec 12 13:33:40 EST 2020: Peer 1001 received the 'have' message from 1008 for the piece 35.
Sat Dec 12 13:33:40 EST 2020: Peer 1001 received the 'have' message from 1008 for the piece 27.
Sat Dec 12 13:33:40 EST 2020: Peer 1001 received the 'have' message from 1008 for the piece 47.
Sat Dec 12 13:33:40 EST 2020: Peer 1001 received the 'have' message from 1008 for the piece 64.
Sat Dec 12 13:33:40 EST 2020: Peer 1001 received the 'have' message from 1008 for the piece 46.
Sat Dec 12 13:33:40 EST 2020: Peer 1001 received the 'have' message from 1008 for the piece 0.
Sat Dec 12 13:33:40 EST 2020: Peer 1001 received the 'have' message from 1008 for the piece 59.
Sat Dec 12 13:33:40 EST 2020: Peer 1001 received the 'have' message from 1008 for the piece 26.
Sat Dec 12 13:33:40 EST 2020: Peer 1001 received the 'have' message from 1008 for the piece 3.
Sat Dec 12 13:33:40 EST 2020: Peer 1001 received the 'have' message from 1008 for the piece 20.
Sat Dec 12 13:33:40 EST 2020: Peer 1001 received the 'have' message from 1008 for the piece 38.
Sat Dec 12 13:33:40 EST 2020: Peer 1001 received the 'have' message from 1008 for the piece 5.
Sat Dec 12 13:33:40 EST 2020: Peer 1001 received the 'have' message from 1008 for the piece 43.
Sat Dec 12 13:33:40 EST 2020: Peer 1001 received the 'have' message from 1008 for the piece 41.
Sat Dec 12 13:33:40 EST 2020: Peer 1001 received the 'have' message from 1008 for the piece 55.
Sat Dec 12 13:33:40 EST 2020: Peer 1001 received the 'have' message from 1008 for the piece 1.
Sat Dec 12 13:33:40 EST 2020: Peer 1001 received the 'have' message from 1008 for the piece 60.
Sat Dec 12 13:33:40 EST 2020: Peer 1001 received the 'have' message from 1008 for the piece 53.
Sat Dec 12 13:33:40 EST 2020: Peer 1001 received the 'have' message from 1008 for the piece 57.
Sat Dec 12 13:33:40 EST 2020: Peer 1001 received the 'have' message from 1008 for the piece 1.
Sat Dec 12 13:33:40 EST 2020: Peer 1001 received the 'have' message from 1008 for the piece 66.
Sat Dec 12 13:33:40 EST 2020: Peer 1001 received the 'have' message from 1008 for the piece 62.
Sat Dec 12 13:33:40 EST 2020: Peer 1001 received the 'have' message from 1008 for the piece 30.
Sat Dec 12 13:33:40 EST 2020: Peer 1001 received the 'have' message from 1008 for the piece 36.
Sat Dec 12 13:33:40 EST 2020: Peer 1001 received the 'have' message from 1008 for the piece 62.
Sat Dec 12 13:33:40 EST 2020: Peer 1001 received the 'have' message from 1008 for the piece 12.
Sat Dec 12 13:33:40 EST 2020: Peer 1001 received the 'have' message from 1008 for the piece 21.
Sat Dec 12 13:33:40 EST 2020: Peer 1001 received the 'have' message from 1008 for the piece 42.
Sat Dec 12 13:33:40 EST 2020: Peer 1001 received the 'have' message from 1008 for the piece 33.
Sat Dec 12 13:33:40 EST 2020: Peer 1001 received the 'have' message from 1008 for the piece 42.
Sat Dec 12 13:33:40 EST 2020: Peer 1001 received the 'have' message from 1008 for the piece 42.
Sat Dec 12 13:33:41 EST 2020: Peer 1001 received the 'have' message from 1008 for the piece 19.
Sat Dec 12 13:33:41 EST 2020: Peer 1001 received the 'have' message from 1008 for the piece 11.
Sat Dec 12 13:33:41 EST 2020: Peer 1001 received the 'have' message from 1008 for the piece 32.
Sat Dec 12 13:33:41 EST 2020: Peer 1001 received the 'have' message from 1008 for the piece 24.
Sat Dec 12 13:33:41 EST 2020: Peer 1001 received the 'have' message from 1008 for the piece 18.
Sat Dec 12 13:33:41 EST 2020: Peer 1001 received the 'have' message from 1008 for the piece 4.
Sat Dec 12 13:33:41 EST 2020: Peer 1001 received the 'have' message from 1008 for the piece 28.
Sat Dec 12 13:33:41 EST 2020: Peer 1001 received the 'have' message from 1008 for the piece 13.
Sat Dec 12 13:33:41 EST 2020: Peer 1001 received the 'have' message from 1008 for the piece 37.
Sat Dec 12 13:33:41 EST 2020: Peer 1001 received the 'have' message from 1008 for the piece 18.
Sat Dec 12 13:33:41 EST 2020: Peer 1001 received the 'have' message from 1008 for the piece 7.
Sat Dec 12 13:33:41 EST 2020: Peer 1001 received the 'have' message from 1008 for the piece 18.
Sat Dec 12 13:33:41 EST 2020: Peer 1001 received the 'have' message from 1008 for the piece 10.
Sat Dec 12 13:33:41 EST 2020: Peer 1001 received the 'have' message from 1008 for the piece 63.
Sat Dec 12 13:33:41 EST 2020: Peer 1001 received the 'have' message from 1008 for the piece 58.
Sat Dec 12 13:33:41 EST 2020: Peer 1001 received the 'have' message from 1008 for the piece 10.
Sat Dec 12 13:33:41 EST 2020: Peer 1001 received the 'have' message from 1008 for the piece 58.
Sat Dec 12 13:33:41 EST 2020: Peer 1001 received the 'have' message from 1008 for the piece 25.
Sat Dec 12 13:33:41 EST 2020: Peer 1001 received the 'have' message from 1008 for the piece 8.
Sat Dec 12 13:33:41 EST 2020: Peer 1001 received the 'have' message from 1008 for the piece 8.
Sat Dec 12 13:33:41 EST 2020: Peer 1001 received the 'have' message from 1008 for the piece 58.
Sat Dec 12 13:33:41 EST 2020: Peer 1001 received the 'have' message from 1008 for the piece 54.
Sat Dec 12 13:33:41 EST 2020: Peer 1001 received the 'have' message from 1008 for the piece 39.
Sat Dec 12 13:33:41 EST 2020: Peer 1001 received the 'have' message from 1008 for the piece 25.
Sat Dec 12 13:33:41 EST 2020: Peer 1001 received the 'have' message from 1008 for the piece 39.
Sat Dec 12 13:33:41 EST 2020: Peer 1001 received the 'have' message from 1008 for the piece 56.
Sat Dec 12 13:33:41 EST 2020: Peer 1001 received the 'have' message from 1008 for the piece 39.
Sat Dec 12 13:33:41 EST 2020: Peer 1001 received the 'have' message from 1008 for the piece 39.
Sat Dec 12 13:33:41 EST 2020: Peer 1001 received the 'have' message from 1008 for the piece 39.
Sat Dec 12 13:33:41 EST 2020: Peer 1001 received the 'have' message from 1008 for the piece 45.
Sat Dec 12 13:33:41 EST 2020: Peer 1001 received the 'have' message from 1008 for the piece 45.
Sat Dec 12 13:33:41 EST 2020: Peer 1001 received the 'have' message from 1008 for the piece 56.
Sat Dec 12 13:33:41 EST 2020: Peer 1001 received the 'have' message from 1008 for the piece 56.
Sat Dec 12 13:33:41 EST 2020: Peer 1001 received the 'have' message from 1008 for the piece 56.
Sat Dec 12 13:33:41 EST 2020: Peer 1001 received the 'have' message from 1008 for the piece 2.
Sat Dec 12 13:33:41 EST 2020: Peer 1001 received the 'have' message from 1008 for the piece 2.
Sat Dec 12 13:33:41 EST 2020: Peer 1001 received the 'have' message from 1008 for the piece 45.
Sat Dec 12 13:33:41 EST 2020: Peer 1001 received the 'have' message from 1008 for the piece 45.
Sat Dec 12 13:33:41 EST 2020: Peer 1001 received the 'have' message from 1008 for the piece 2.
Sat Dec 12 13:33:41 EST 2020: Peer 1001 received the 'have' message from 1008 for the piece 2.
Sat Dec 12 13:33:41 EST 2020: Peer 1001 received the 'have' message from 1008 for the piece 2.
Sat Dec 12 13:33:43 EST 2020: Peer 1001 is connected from Peer 1009.
Sat Dec 12 13:33:43 EST 2020: Peer 1001 received the 'interested' message from 1009.
Sat Dec 12 13:33:44 EST 2020: Peer 1001 received the 'have' message from 1009 for the piece 42.
Sat Dec 12 13:33:44 EST 2020: Peer 1001 received the 'have' message from 1009 for the piece 59.
Sat Dec 12 13:33:44 EST 2020: Peer 1001 received the 'have' message from 1009 for the piece 48.
Sat Dec 12 13:33:44 EST 2020: Peer 1001 received the 'have' message from 1009 for the piece 48.
Sat Dec 12 13:33:44 EST 2020: Peer 1001 received the 'have' message from 1009 for the piece 42.
Sat Dec 12 13:33:44 EST 2020: Peer 1001 received the 'have' message from 1009 for the piece 4.
Sat Dec 12 13:33:44 EST 2020: Peer 1001 received the 'have' message from 1009 for the piece 16.
Sat Dec 12 13:33:44 EST 2020: Peer 1001 received the 'have' message from 1009 for the piece 30.
Sat Dec 12 13:33:44 EST 2020: Peer 1001 received the 'have' message from 1009 for the piece 36.
Sat Dec 12 13:33:44 EST 2020: Peer 1001 received the 'have' message from 1009 for the piece 3.
Sat Dec 12 13:33:45 EST 2020: Peer 1001 received the 'have' message from 1009 for the piece 8.
Sat Dec 12 13:33:45 EST 2020: Peer 1001 has the preferred neighbors .
Sat Dec 12 13:33:45 EST 2020: Peer 1001 received the 'have' message from 1009 for the piece 11.
Sat Dec 12 13:33:45 EST 2020: Peer 1001 received the 'have' message from 1009 for the piece 22.
Sat Dec 12 13:33:45 EST 2020: Peer 1001 received the 'have' message from 1009 for the piece 54.
Sat Dec 12 13:33:45 EST 2020: Peer 1001 received the 'have' message from 1009 for the piece 29.
Sat Dec 12 13:33:46 EST 2020: Peer 1001 received the 'have' message from 1009 for the piece 3.
Sat Dec 12 13:33:46 EST 2020: Peer 1001 received the 'have' message from 1009 for the piece 50.
Sat Dec 12 13:33:46 EST 2020: Peer 1001 received the 'have' message from 1009 for the piece 23.
Sat Dec 12 13:33:47 EST 2020: Peer 1001 received the 'have' message from 1009 for the piece 43.
Sat Dec 12 13:33:47 EST 2020: Peer 1001 received the 'have' message from 1009 for the piece 14.
Sat Dec 12 13:33:47 EST 2020: Peer 1001 received the 'have' message from 1009 for the piece 15.
Sat Dec 12 13:33:47 EST 2020: Peer 1001 has the optimistically unchoked neighbor 1009.
Sat Dec 12 13:33:47 EST 2020: Peer 1001 received the 'have' message from 1009 for the piece 37.
Sat Dec 12 13:33:47 EST 2020: Peer 1001 received the 'have' message from 1009 for the piece 44.
Sat Dec 12 13:33:47 EST 2020: Peer 1001 received the 'have' message from 1009 for the piece 51.
Sat Dec 12 13:33:48 EST 2020: Peer 1001 received the 'have' message from 1009 for the piece 33.
Sat Dec 12 13:33:48 EST 2020: Peer 1001 received the 'have' message from 1009 for the piece 61.
Sat Dec 12 13:33:48 EST 2020: Peer 1001 received the 'have' message from 1009 for the piece 32.
Sat Dec 12 13:33:48 EST 2020: Peer 1001 received the 'have' message from 1009 for the piece 31.
Sat Dec 12 13:33:48 EST 2020: Peer 1001 received the 'have' message from 1009 for the piece 40.
Sat Dec 12 13:33:48 EST 2020: Peer 1001 received the 'have' message from 1009 for the piece 10.
Sat Dec 12 13:33:48 EST 2020: Peer 1001 has the preferred neighbors .
Sat Dec 12 13:33:48 EST 2020: Peer 1001 received the 'have' message from 1009 for the piece 13.
Sat Dec 12 13:33:48 EST 2020: Peer 1001 received the 'have' message from 1009 for the piece 20.
Sat Dec 12 13:33:48 EST 2020: Peer 1001 received the 'have' message from 1009 for the piece 47.
Sat Dec 12 13:33:48 EST 2020: Peer 1001 received the 'have' message from 1009 for the piece 35.
Sat Dec 12 13:33:48 EST 2020: Peer 1001 received the 'have' message from 1009 for the piece 7.
Sat Dec 12 13:33:48 EST 2020: Peer 1001 received the 'have' message from 1009 for the piece 53.
Sat Dec 12 13:33:48 EST 2020: Peer 1001 received the 'have' message from 1009 for the piece 56.
Sat Dec 12 13:33:49 EST 2020: Peer 1001 received the 'have' message from 1009 for the piece 62.
Sat Dec 12 13:33:49 EST 2020: Peer 1001 received the 'have' message from 1009 for the piece 58.
Sat Dec 12 13:33:49 EST 2020: Peer 1001 received the 'have' message from 1009 for the piece 45.
Sat Dec 12 13:33:49 EST 2020: Peer 1001 received the 'have' message from 1009 for the piece 60.
Sat Dec 12 13:33:49 EST 2020: Peer 1001 received the 'have' message from 1009 for the piece 62.
Sat Dec 12 13:33:49 EST 2020: Peer 1001 received the 'have' message from 1009 for the piece 1.
Sat Dec 12 13:33:49 EST 2020: Peer 1001 received the 'have' message from 1009 for the piece 39.
Sat Dec 12 13:33:49 EST 2020: Peer 1001 received the 'have' message from 1009 for the piece 7.
Sat Dec 12 13:33:49 EST 2020: Peer 1001 received the 'have' message from 1009 for the piece 12.
Sat Dec 12 13:33:49 EST 2020: Peer 1001 received the 'have' message from 1009 for the piece 34.
Sat Dec 12 13:33:49 EST 2020: Peer 1001 received the 'have' message from 1009 for the piece 27.
Sat Dec 12 13:33:50 EST 2020: Peer 1001 received the 'have' message from 1009 for the piece 27.
Sat Dec 12 13:33:50 EST 2020: Peer 1001 received the 'have' message from 1009 for the piece 26.
Sat Dec 12 13:33:50 EST 2020: Peer 1001 received the 'have' message from 1009 for the piece 6.
Sat Dec 12 13:33:50 EST 2020: Peer 1001 received the 'have' message from 1009 for the piece 2.
Sat Dec 12 13:33:50 EST 2020: Peer 1001 received the 'have' message from 1009 for the piece 21.
Sat Dec 12 13:33:50 EST 2020: Peer 1001 received the 'have' message from 1009 for the piece 19.
Sat Dec 12 13:33:51 EST 2020: Peer 1001 received the 'have' message from 1009 for the piece 18.
Sat Dec 12 13:33:51 EST 2020: Peer 1001 received the 'have' message from 1009 for the piece 25.
Sat Dec 12 13:33:51 EST 2020: Peer 1001 received the 'have' message from 1009 for the piece 0.
Sat Dec 12 13:33:51 EST 2020: Peer 1001 received the 'have' message from 1009 for the piece 12.
Sat Dec 12 13:33:51 EST 2020: Peer 1001 received the 'have' message from 1009 for the piece 21.
Sat Dec 12 13:33:51 EST 2020: Peer 1001 received the 'have' message from 1009 for the piece 28.
Sat Dec 12 13:33:51 EST 2020: Peer 1001 received the 'have' message from 1009 for the piece 24.
Sat Dec 12 13:33:51 EST 2020: Peer 1001 received the 'have' message from 1009 for the piece 18.
Sat Dec 12 13:33:51 EST 2020: Peer 1001 received the 'have' message from 1009 for the piece 49.
Sat Dec 12 13:33:51 EST 2020: Peer 1001 received the 'have' message from 1009 for the piece 0.
Sat Dec 12 13:33:51 EST 2020: Peer 1001 received the 'have' message from 1009 for the piece 25.
Sat Dec 12 13:33:51 EST 2020: Peer 1001 received the 'have' message from 1009 for the piece 28.
Sat Dec 12 13:33:51 EST 2020: Peer 1001 received the 'have' message from 1009 for the piece 46.
Sat Dec 12 13:33:51 EST 2020: Peer 1001 received the 'have' message from 1009 for the piece 5.
Sat Dec 12 13:33:51 EST 2020: Peer 1001 received the 'have' message from 1009 for the piece 17.
Sat Dec 12 13:33:51 EST 2020: Peer 1001 received the 'have' message from 1009 for the piece 49.
Sat Dec 12 13:33:51 EST 2020: Peer 1001 received the 'have' message from 1009 for the piece 38.
Sat Dec 12 13:33:51 EST 2020: Peer 1001 received the 'have' message from 1009 for the piece 55.
Sat Dec 12 13:33:51 EST 2020: Peer 1001 received the 'have' message from 1009 for the piece 28.
Sat Dec 12 13:33:51 EST 2020: Peer 1001 received the 'have' message from 1009 for the piece 64.
Sat Dec 12 13:33:51 EST 2020: Peer 1001 received the 'have' message from 1009 for the piece 63.
Sat Dec 12 13:33:51 EST 2020: Peer 1001 received the 'have' message from 1009 for the piece 24.
Sat Dec 12 13:33:51 EST 2020: Peer 1001 received the 'have' message from 1009 for the piece 17.
Sat Dec 12 13:33:52 EST 2020: Peer 1001 received the 'have' message from 1009 for the piece 49.
Sat Dec 12 13:33:52 EST 2020: Peer 1001 received the 'have' message from 1009 for the piece 49.
Sat Dec 12 13:33:52 EST 2020: Peer 1001 received the 'have' message from 1009 for the piece 64.
Sat Dec 12 13:33:52 EST 2020: Peer 1001 received the 'have' message from 1009 for the piece 46.
Sat Dec 12 13:33:52 EST 2020: Peer 1001 has the optimistically unchoked neighbor 1009.
Sat Dec 12 13:33:52 EST 2020: Peer 1001 received the 'have' message from 1009 for the piece 5.
Sat Dec 12 13:33:52 EST 2020: Peer 1001 received the 'have' message from 1009 for the piece 57.
Sat Dec 12 13:33:52 EST 2020: Peer 1001 received the 'have' message from 1009 for the piece 66.
Sat Dec 12 13:33:52 EST 2020: Peer 1001 received the 'have' message from 1009 for the piece 57.
Sat Dec 12 13:33:53 EST 2020: Peer 1001 received the 'have' message from 1009 for the piece 52.
Sat Dec 12 13:33:53 EST 2020: Peer 1001 received the 'have' message from 1009 for the piece 66.
Sat Dec 12 13:33:53 EST 2020: Peer 1001 received the 'have' message from 1009 for the piece 41.
Sat Dec 12 13:33:53 EST 2020: Peer 1001 received the 'have' message from 1009 for the piece 63.
Sat Dec 12 13:33:53 EST 2020: Peer 1001 received the 'have' message from 1009 for the piece 63.
Sat Dec 12 13:33:53 EST 2020: Peer 1001 received the 'have' message from 1009 for the piece 65.
Sat Dec 12 13:33:54 EST 2020: Peer 1001 received the 'have' message from 1009 for the piece 65.
Sat Dec 12 13:33:54 EST 2020: Peer 1001 received the 'have' message from 1009 for the piece 65.
Sat Dec 12 13:33:54 EST 2020: Peer 1001 received the 'have' message from 1009 for the piece 52.
Sat Dec 12 13:33:54 EST 2020: Peer 1001 received the 'have' message from 1009 for the piece 57.
Sat Dec 12 13:33:54 EST 2020: Peer 1001 has the preferred neighbors .
Sat Dec 12 13:33:54 EST 2020: Peer 1001 received the 'have' message from 1009 for the piece 41.
Sat Dec 12 13:33:54 EST 2020: Peer 1001 received the 'have' message from 1009 for the piece 57.
Sat Dec 12 13:33:54 EST 2020: Peer 1001 received the 'have' message from 1009 for the piece 41.
Sat Dec 12 13:33:55 EST 2020: Peer 1001 received the 'have' message from 1009 for the piece 9.
